{"/home/travis/build/npmtest/node-npmtest-ttystudio/test.js":{"path":"/home/travis/build/npmtest/node-npmtest-ttystudio/test.js","s":{"1":2,"2":2,"3":2,"4":2,"5":2,"6":2,"7":2,"8":1,"9":2,"10":2,"11":1,"12":1,"13":1,"14":1,"15":2,"16":2,"17":2,"18":2,"19":1,"20":1,"21":2,"22":2,"23":2,"24":1,"25":1,"26":1,"27":1,"28":1,"29":1,"30":1,"31":1,"32":1,"33":1,"34":1,"35":1,"36":1,"37":1,"38":1,"39":2,"40":2,"41":1,"42":2,"43":2,"44":1,"45":2,"46":2,"47":1,"48":2,"49":2,"50":1,"51":1,"52":1,"53":1,"54":1},"b":{"1":[2,1,1,1],"2":[1,1,1,1],"3":[1,1],"4":[1,1],"5":[1,1],"6":[1,1],"7":[1,1],"8":[1,1],"9":[1,1],"10":[1,1,1],"11":[1,1],"12":[1,1],"13":[1,1],"14":[1,1],"15":[1,1],"16":[1,1],"17":[1,1]},"f":{"1":2,"2":2,"3":2,"4":2,"5":2,"6":1,"7":1,"8":1,"9":2,"10":2,"11":2,"12":2,"13":1},"fnMap":{"1":{"name":"(anonymous_1)","line":12,"loc":{"start":{"line":12,"column":1},"end":{"line":12,"column":13}}},"2":{"name":"(anonymous_2)","line":19,"loc":{"start":{"line":19,"column":5},"end":{"line":19,"column":17}}},"3":{"name":"(anonymous_3)","line":23,"loc":{"start":{"line":23,"column":24},"end":{"line":23,"column":36}}},"4":{"name":"(anonymous_4)","line":61,"loc":{"start":{"line":61,"column":5},"end":{"line":61,"column":17}}},"5":{"name":"(anonymous_5)","line":82,"loc":{"start":{"line":82,"column":5},"end":{"line":82,"column":17}}},"6":{"name":"(anonymous_6)","line":91,"loc":{"start":{"line":91,"column":77},"end":{"line":94,"column":10}}},"7":{"name":"(anonymous_7)","line":112,"loc":{"start":{"line":112,"column":83},"end":{"line":115,"column":10}},"skip":true},"8":{"name":"(anonymous_8)","line":123,"loc":{"start":{"line":123,"column":77},"end":{"line":126,"column":10}},"skip":true},"9":{"name":"(anonymous_9)","line":139,"loc":{"start":{"line":139,"column":12},"end":{"line":139,"column":40}},"skip":true},"10":{"name":"(anonymous_10)","line":147,"loc":{"start":{"line":147,"column":77},"end":{"line":150,"column":10}},"skip":true},"11":{"name":"(anonymous_11)","line":158,"loc":{"start":{"line":158,"column":83},"end":{"line":161,"column":10}},"skip":true},"12":{"name":"(anonymous_12)","line":169,"loc":{"start":{"line":169,"column":79},"end":{"line":172,"column":10}},"skip":true},"13":{"name":"(anonymous_13)","line":180,"loc":{"start":{"line":180,"column":75},"end":{"line":183,"column":10}},"skip":true}},"statementMap":{"1":{"start":{"line":12,"column":0},"end":{"line":195,"column":5}},"2":{"start":{"line":14,"column":4},"end":{"line":14,"column":14}},"3":{"start":{"line":19,"column":4},"end":{"line":56,"column":9}},"4":{"start":{"line":21,"column":8},"end":{"line":21,"column":19}},"5":{"start":{"line":23,"column":8},"end":{"line":35,"column":13}},"6":{"start":{"line":24,"column":12},"end":{"line":34,"column":13}},"7":{"start":{"line":25,"column":16},"end":{"line":28,"column":30}},"8":{"start":{"line":30,"column":16},"end":{"line":33,"column":27}},"9":{"start":{"line":37,"column":8},"end":{"line":39,"column":21}},"10":{"start":{"line":40,"column":8},"end":{"line":53,"column":9}},"11":{"start":{"line":43,"column":12},"end":{"line":46,"column":14}},"12":{"start":{"line":47,"column":12},"end":{"line":47,"column":18}},"13":{"start":{"line":50,"column":12},"end":{"line":51,"column":33}},"14":{"start":{"line":52,"column":12},"end":{"line":52,"column":18}},"15":{"start":{"line":55,"column":8},"end":{"line":55,"column":35}},"16":{"start":{"line":61,"column":4},"end":{"line":63,"column":9}},"17":{"start":{"line":62,"column":8},"end":{"line":62,"column":15}},"18":{"start":{"line":64,"column":4},"end":{"line":77,"column":5}},"19":{"start":{"line":70,"column":8},"end":{"line":70,"column":14}},"20":{"start":{"line":76,"column":8},"end":{"line":76,"column":14}},"21":{"start":{"line":82,"column":4},"end":{"line":84,"column":9}},"22":{"start":{"line":83,"column":8},"end":{"line":83,"column":15}},"23":{"start":{"line":85,"column":4},"end":{"line":194,"column":5}},"24":{"start":{"line":91,"column":8},"end":{"line":99,"column":10}},"25":{"start":{"line":98,"column":12},"end":{"line":98,"column":35}},"26":{"start":{"line":102,"column":8},"end":{"line":104,"column":63}},"27":{"start":{"line":105,"column":8},"end":{"line":105,"column":14}},"28":{"start":{"line":112,"column":8},"end":{"line":121,"column":10},"skip":true},"29":{"start":{"line":119,"column":12},"end":{"line":119,"column":55},"skip":true},"30":{"start":{"line":120,"column":12},"end":{"line":120,"column":48},"skip":true},"31":{"start":{"line":123,"column":8},"end":{"line":136,"column":10},"skip":true},"32":{"start":{"line":130,"column":12},"end":{"line":130,"column":76},"skip":true},"33":{"start":{"line":131,"column":12},"end":{"line":131,"column":73},"skip":true},"34":{"start":{"line":132,"column":12},"end":{"line":132,"column":74},"skip":true},"35":{"start":{"line":133,"column":12},"end":{"line":133,"column":79},"skip":true},"36":{"start":{"line":134,"column":12},"end":{"line":134,"column":25},"skip":true},"37":{"start":{"line":135,"column":12},"end":{"line":135,"column":45},"skip":true},"38":{"start":{"line":138,"column":8},"end":{"line":145,"column":14},"skip":true},"39":{"start":{"line":143,"column":16},"end":{"line":143,"column":29},"skip":true},"40":{"start":{"line":144,"column":16},"end":{"line":144,"column":55},"skip":true},"41":{"start":{"line":147,"column":8},"end":{"line":156,"column":10},"skip":true},"42":{"start":{"line":154,"column":12},"end":{"line":154,"column":25},"skip":true},"43":{"start":{"line":155,"column":12},"end":{"line":155,"column":45},"skip":true},"44":{"start":{"line":158,"column":8},"end":{"line":167,"column":10},"skip":true},"45":{"start":{"line":165,"column":12},"end":{"line":165,"column":25},"skip":true},"46":{"start":{"line":166,"column":12},"end":{"line":166,"column":48},"skip":true},"47":{"start":{"line":169,"column":8},"end":{"line":178,"column":10},"skip":true},"48":{"start":{"line":176,"column":12},"end":{"line":176,"column":25},"skip":true},"49":{"start":{"line":177,"column":12},"end":{"line":177,"column":46},"skip":true},"50":{"start":{"line":180,"column":8},"end":{"line":189,"column":10},"skip":true},"51":{"start":{"line":187,"column":12},"end":{"line":187,"column":94},"skip":true},"52":{"start":{"line":188,"column":12},"end":{"line":188,"column":48},"skip":true},"53":{"start":{"line":192,"column":8},"end":{"line":192,"column":35},"skip":true},"54":{"start":{"line":193,"column":8},"end":{"line":193,"column":14},"skip":true}},"branchMap":{"1":{"line":25,"type":"binary-expr","locations":[{"start":{"line":25,"column":23},"end":{"line":25,"column":62}},{"start":{"line":26,"column":20},"end":{"line":26,"column":70}},{"start":{"line":27,"column":20},"end":{"line":27,"column":71}},{"start":{"line":28,"column":20},"end":{"line":28,"column":29}}]},"2":{"line":30,"type":"binary-expr","locations":[{"start":{"line":30,"column":23},"end":{"line":30,"column":37}},{"start":{"line":31,"column":20},"end":{"line":31,"column":61}},{"start":{"line":32,"column":20},"end":{"line":32,"column":70}},{"start":{"line":33,"column":20},"end":{"line":33,"column":26}}]},"3":{"line":37,"type":"cond-expr","locations":[{"start":{"line":38,"column":14},"end":{"line":38,"column":20}},{"start":{"line":39,"column":14},"end":{"line":39,"column":20}}]},"4":{"line":40,"type":"switch","locations":[{"start":{"line":42,"column":8},"end":{"line":47,"column":18}},{"start":{"line":49,"column":8},"end":{"line":52,"column":18}}]},"5":{"line":44,"type":"binary-expr","locations":[{"start":{"line":44,"column":16},"end":{"line":44,"column":44}},{"start":{"line":44,"column":48},"end":{"line":44,"column":66}}]},"6":{"line":50,"type":"binary-expr","locations":[{"start":{"line":50,"column":21},"end":{"line":50,"column":49}},{"start":{"line":50,"column":53},"end":{"line":50,"column":72}}]},"7":{"line":64,"type":"switch","locations":[{"start":{"line":69,"column":4},"end":{"line":70,"column":14}},{"start":{"line":75,"column":4},"end":{"line":76,"column":14}}]},"8":{"line":85,"type":"switch","locations":[{"start":{"line":90,"column":4},"end":{"line":105,"column":14}},{"start":{"line":111,"column":4},"end":{"line":193,"column":14},"skip":true}]},"9":{"line":91,"type":"binary-expr","locations":[{"start":{"line":91,"column":42},"end":{"line":91,"column":73}},{"start":{"line":91,"column":77},"end":{"line":99,"column":9}}]},"10":{"line":102,"type":"binary-expr","locations":[{"start":{"line":102,"column":18},"end":{"line":102,"column":32}},{"start":{"line":103,"column":12},"end":{"line":103,"column":53}},{"start":{"line":104,"column":12},"end":{"line":104,"column":61}}]},"11":{"line":112,"type":"binary-expr","locations":[{"start":{"line":112,"column":45},"end":{"line":112,"column":79},"skip":true},{"start":{"line":112,"column":83},"end":{"line":121,"column":9},"skip":true}]},"12":{"line":123,"type":"binary-expr","locations":[{"start":{"line":123,"column":42},"end":{"line":123,"column":73},"skip":true},{"start":{"line":123,"column":77},"end":{"line":136,"column":9},"skip":true}]},"13":{"line":138,"type":"binary-expr","locations":[{"start":{"line":138,"column":48},"end":{"line":138,"column":85},"skip":true},{"start":{"line":139,"column":12},"end":{"line":145,"column":13},"skip":true}]},"14":{"line":147,"type":"binary-expr","locations":[{"start":{"line":147,"column":42},"end":{"line":147,"column":73},"skip":true},{"start":{"line":147,"column":77},"end":{"line":156,"column":9},"skip":true}]},"15":{"line":158,"type":"binary-expr","locations":[{"start":{"line":158,"column":45},"end":{"line":158,"column":79},"skip":true},{"start":{"line":158,"column":83},"end":{"line":167,"column":9},"skip":true}]},"16":{"line":169,"type":"binary-expr","locations":[{"start":{"line":169,"column":43},"end":{"line":169,"column":75},"skip":true},{"start":{"line":169,"column":79},"end":{"line":178,"column":9},"skip":true}]},"17":{"line":180,"type":"binary-expr","locations":[{"start":{"line":180,"column":41},"end":{"line":180,"column":71},"skip":true},{"start":{"line":180,"column":75},"end":{"line":189,"column":9},"skip":true}]}},"code":["/* istanbul instrument in package npmtest_ttystudio */","/*jslint","    bitwise: true,","    browser: true,","    maxerr: 8,","    maxlen: 96,","    node: true,","    nomen: true,","    regexp: true,","    stupid: true","*/","(function () {","    'use strict';","    var local;","","","","    // run shared js-env code - pre-init","    (function () {","        // init local","        local = {};","        // init modeJs","        local.modeJs = (function () {","            try {","                return typeof navigator.userAgent === 'string' &&","                    typeof document.querySelector('body') === 'object' &&","                    typeof XMLHttpRequest.prototype.open === 'function' &&","                    'browser';","            } catch (errorCaughtBrowser) {","                return module.exports &&","                    typeof process.versions.node === 'string' &&","                    typeof require('http').createServer === 'function' &&","                    'node';","            }","        }());","        // init global","        local.global = local.modeJs === 'browser'","            ? window","            : global;","        switch (local.modeJs) {","        // re-init local from window.local","        case 'browser':","            local = local.global.utility2.objectSetDefault(","                local.global.utility2_rollup || local.global.local,","                local.global.utility2","            );","            break;","        // re-init local from example.js","        case 'node':","            local = (local.global.utility2_rollup || require('utility2'))","                .requireReadme();","            break;","        }","        // export local","        local.global.local = local;","    }());","","","","    // run shared js-env code - function","    (function () {","        return;","    }());","    switch (local.modeJs) {","","","","    // run browser js-env code - function","    case 'browser':","        break;","","","","    // run node js-env code - function","    case 'node':","        break;","    }","","","","    // run shared js-env code - post-init","    (function () {","        return;","    }());","    switch (local.modeJs) {","","","","    // run browser js-env code - post-init","    case 'browser':","        local.testCase_browser_nullCase = local.testCase_browser_nullCase || function (","            options,","            onError","        ) {","        /*","         * this function will test browsers's null-case handling-behavior-behavior","         */","            onError(null, options);","        };","","        // run tests","        local.nop(local.modeTest &&","            document.querySelector('#testRunButton1') &&","            document.querySelector('#testRunButton1').click());","        break;","","","","    // run node js-env code - post-init","    /* istanbul ignore next */","    case 'node':","        local.testCase_buildApidoc_default = local.testCase_buildApidoc_default || function (","            options,","            onError","        ) {","        /*","         * this function will test buildApidoc's default handling-behavior-behavior","         */","            options = { modulePathList: module.paths };","            local.buildApidoc(options, onError);","        };","","        local.testCase_buildApp_default = local.testCase_buildApp_default || function (","            options,","            onError","        ) {","        /*","         * this function will test buildApp's default handling-behavior-behavior","         */","            local.testCase_buildReadme_default(options, local.onErrorThrow);","            local.testCase_buildLib_default(options, local.onErrorThrow);","            local.testCase_buildTest_default(options, local.onErrorThrow);","            local.testCase_buildCustomOrg_default(options, local.onErrorThrow);","            options = [];","            local.buildApp(options, onError);","        };","","        local.testCase_buildCustomOrg_default = local.testCase_buildCustomOrg_default ||","            function (options, onError) {","            /*","             * this function will test buildCustomOrg's default handling-behavior","             */","                options = {};","                local.buildCustomOrg(options, onError);","            };","","        local.testCase_buildLib_default = local.testCase_buildLib_default || function (","            options,","            onError","        ) {","        /*","         * this function will test buildLib's default handling-behavior","         */","            options = {};","            local.buildLib(options, onError);","        };","","        local.testCase_buildReadme_default = local.testCase_buildReadme_default || function (","            options,","            onError","        ) {","        /*","         * this function will test buildReadme's default handling-behavior-behavior","         */","            options = {};","            local.buildReadme(options, onError);","        };","","        local.testCase_buildTest_default = local.testCase_buildTest_default || function (","            options,","            onError","        ) {","        /*","         * this function will test buildTest's default handling-behavior","         */","            options = {};","            local.buildTest(options, onError);","        };","","        local.testCase_webpage_default = local.testCase_webpage_default || function (","            options,","            onError","        ) {","        /*","         * this function will test webpage's default handling-behavior","         */","            options = { modeCoverageMerge: true, url: local.serverLocalHost + '?modeTest=1' };","            local.browserTest(options, onError);","        };","","        // run test-server","        local.testRunServer(local);","        break;","    }","}());",""],"l":{"12":2,"14":2,"19":2,"21":2,"23":2,"24":2,"25":2,"30":1,"37":2,"40":2,"43":1,"47":1,"50":1,"52":1,"55":2,"61":2,"62":2,"64":2,"70":1,"76":1,"82":2,"83":2,"85":2,"91":1,"98":1,"102":1,"105":1,"112":1,"119":1,"120":1,"123":1,"130":1,"131":1,"132":1,"133":1,"134":1,"135":1,"138":1,"143":2,"144":2,"147":1,"154":2,"155":2,"158":1,"165":2,"166":2,"169":1,"176":2,"177":2,"180":1,"187":1,"188":1,"192":1,"193":1}},"/home/travis/build/npmtest/node-npmtest-ttystudio/lib.npmtest_ttystudio.js":{"path":"/home/travis/build/npmtest/node-npmtest-ttystudio/lib.npmtest_ttystudio.js","s":{"1":2,"2":2,"3":2,"4":2,"5":2,"6":2,"7":2,"8":1,"9":2,"10":2,"11":2,"12":2,"13":1,"14":1,"15":1,"16":1},"b":{"1":[2,1,1,1],"2":[1,1,1,1],"3":[1,1],"4":[2,2],"5":[1,1]},"f":{"1":2,"2":2,"3":2},"fnMap":{"1":{"name":"(anonymous_1)","line":12,"loc":{"start":{"line":12,"column":1},"end":{"line":12,"column":13}}},"2":{"name":"(anonymous_2)","line":19,"loc":{"start":{"line":19,"column":5},"end":{"line":19,"column":17}}},"3":{"name":"(anonymous_3)","line":23,"loc":{"start":{"line":23,"column":24},"end":{"line":23,"column":36}}}},"statementMap":{"1":{"start":{"line":12,"column":0},"end":{"line":53,"column":5}},"2":{"start":{"line":14,"column":4},"end":{"line":14,"column":14}},"3":{"start":{"line":19,"column":4},"end":{"line":52,"column":9}},"4":{"start":{"line":21,"column":8},"end":{"line":21,"column":19}},"5":{"start":{"line":23,"column":8},"end":{"line":35,"column":13}},"6":{"start":{"line":24,"column":12},"end":{"line":34,"column":13}},"7":{"start":{"line":25,"column":16},"end":{"line":28,"column":30}},"8":{"start":{"line":30,"column":16},"end":{"line":33,"column":27}},"9":{"start":{"line":37,"column":8},"end":{"line":39,"column":21}},"10":{"start":{"line":41,"column":8},"end":{"line":41,"column":54}},"11":{"start":{"line":43,"column":8},"end":{"line":43,"column":54}},"12":{"start":{"line":45,"column":8},"end":{"line":51,"column":9}},"13":{"start":{"line":46,"column":12},"end":{"line":46,"column":60}},"14":{"start":{"line":48,"column":12},"end":{"line":48,"column":35}},"15":{"start":{"line":49,"column":12},"end":{"line":49,"column":49}},"16":{"start":{"line":50,"column":12},"end":{"line":50,"column":43}}},"branchMap":{"1":{"line":25,"type":"binary-expr","locations":[{"start":{"line":25,"column":23},"end":{"line":25,"column":62}},{"start":{"line":26,"column":20},"end":{"line":26,"column":70}},{"start":{"line":27,"column":20},"end":{"line":27,"column":71}},{"start":{"line":28,"column":20},"end":{"line":28,"column":29}}]},"2":{"line":30,"type":"binary-expr","locations":[{"start":{"line":30,"column":23},"end":{"line":30,"column":37}},{"start":{"line":31,"column":20},"end":{"line":31,"column":61}},{"start":{"line":32,"column":20},"end":{"line":32,"column":70}},{"start":{"line":33,"column":20},"end":{"line":33,"column":26}}]},"3":{"line":37,"type":"cond-expr","locations":[{"start":{"line":38,"column":14},"end":{"line":38,"column":20}},{"start":{"line":39,"column":14},"end":{"line":39,"column":20}}]},"4":{"line":41,"type":"binary-expr","locations":[{"start":{"line":41,"column":16},"end":{"line":41,"column":44}},{"start":{"line":41,"column":48},"end":{"line":41,"column":53}}]},"5":{"line":45,"type":"if","locations":[{"start":{"line":45,"column":8},"end":{"line":45,"column":8}},{"start":{"line":45,"column":8},"end":{"line":45,"column":8}}]}},"code":["/* istanbul instrument in package npmtest_ttystudio */","/*jslint","    bitwise: true,","    browser: true,","    maxerr: 8,","    maxlen: 96,","    node: true,","    nomen: true,","    regexp: true,","    stupid: true","*/","(function () {","    'use strict';","    var local;","","","","    // run shared js-env code - pre-init","    (function () {","        // init local","        local = {};","        // init modeJs","        local.modeJs = (function () {","            try {","                return typeof navigator.userAgent === 'string' &&","                    typeof document.querySelector('body') === 'object' &&","                    typeof XMLHttpRequest.prototype.open === 'function' &&","                    'browser';","            } catch (errorCaughtBrowser) {","                return module.exports &&","                    typeof process.versions.node === 'string' &&","                    typeof require('http').createServer === 'function' &&","                    'node';","            }","        }());","        // init global","        local.global = local.modeJs === 'browser'","            ? window","            : global;","        // init utility2_rollup","        local = local.global.utility2_rollup || local;","        // init lib","        local.local = local.npmtest_ttystudio = local;","        // init exports","        if (local.modeJs === 'browser') {","            local.global.utility2_npmtest_ttystudio = local;","        } else {","            module.exports = local;","            module.exports.__dirname = __dirname;","            module.exports.module = module;","        }","    }());","}());",""],"l":{"12":2,"14":2,"19":2,"21":2,"23":2,"24":2,"25":2,"30":1,"37":2,"41":2,"43":2,"45":2,"46":1,"48":1,"49":1,"50":1}},"/home/travis/build/npmtest/node-npmtest-ttystudio/example.js":{"path":"/home/travis/build/npmtest/node-npmtest-ttystudio/example.js","s":{"1":2,"2":2,"3":2,"4":2,"5":2,"6":2,"7":2,"8":1,"9":2,"10":2,"11":2,"12":2,"13":1,"14":2,"15":2,"16":2,"17":2,"18":2,"19":0,"20":2,"21":1,"22":1,"23":1,"24":1,"25":1,"26":0,"27":0,"28":1,"29":1,"30":2,"31":0,"32":0,"33":0,"34":1,"35":2,"36":2,"37":3,"38":3,"39":3,"40":3,"41":0,"42":3,"43":3,"44":3,"45":1,"46":3,"47":1,"48":1,"49":1,"50":1,"51":1,"52":1,"53":1,"54":1,"55":1,"56":1,"57":0,"58":1,"59":6,"60":6,"61":1,"62":2,"63":0,"64":2,"65":1,"66":1,"67":0,"68":0,"69":0,"70":0,"71":0,"72":0,"73":0,"74":0,"75":0,"76":0,"77":0,"78":0,"79":0,"80":0,"81":0,"82":0,"83":0},"b":{"1":[2,1,1,1],"2":[1,1,1,1],"3":[1,1],"4":[2,2],"5":[1,1],"6":[1,1],"7":[2,0],"8":[2,1,1,1,1,1],"9":[0,2,0],"10":[1,1],"11":[2,1,1],"12":[1,0],"13":[0,2],"14":[2,0,0,0,0,0,0],"15":[0,3],"16":[3,0],"17":[1,1],"18":[0,1],"19":[1,2,0,2],"20":[1,0],"21":[1,1],"22":[0,0],"23":[0,0],"24":[0,0],"25":[0,0],"26":[0,0],"27":[0,0],"28":[0,0]},"f":{"1":2,"2":2,"3":2,"4":2,"5":2,"6":2,"7":3,"8":3,"9":3,"10":1,"11":6,"12":0},"fnMap":{"1":{"name":"(anonymous_1)","line":26,"loc":{"start":{"line":26,"column":1},"end":{"line":26,"column":13}}},"2":{"name":"(anonymous_2)","line":33,"loc":{"start":{"line":33,"column":5},"end":{"line":33,"column":17}}},"3":{"name":"(anonymous_3)","line":37,"loc":{"start":{"line":37,"column":24},"end":{"line":37,"column":36}}},"4":{"name":"(anonymous_4)","line":69,"loc":{"start":{"line":69,"column":31},"end":{"line":69,"column":48}},"skip":true},"5":{"name":"(anonymous_5)","line":78,"loc":{"start":{"line":78,"column":26},"end":{"line":78,"column":45}},"skip":true},"6":{"name":"(anonymous_6)","line":123,"loc":{"start":{"line":123,"column":33},"end":{"line":123,"column":48}},"skip":true},"7":{"name":"(anonymous_7)","line":125,"loc":{"start":{"line":125,"column":27},"end":{"line":125,"column":39}},"skip":true},"8":{"name":"(anonymous_8)","line":133,"loc":{"start":{"line":133,"column":59},"end":{"line":133,"column":74}},"skip":true},"9":{"name":"(anonymous_9)","line":143,"loc":{"start":{"line":143,"column":45},"end":{"line":143,"column":62}},"skip":true},"10":{"name":"(anonymous_10)","line":144,"loc":{"start":{"line":144,"column":73},"end":{"line":144,"column":92}},"skip":true},"11":{"name":"(anonymous_11)","line":272,"loc":{"start":{"line":272,"column":51},"end":{"line":272,"column":77}},"skip":true},"12":{"name":"(anonymous_12)","line":315,"loc":{"start":{"line":315,"column":32},"end":{"line":315,"column":61}},"skip":true}},"statementMap":{"1":{"start":{"line":26,"column":0},"end":{"line":326,"column":5}},"2":{"start":{"line":28,"column":4},"end":{"line":28,"column":14}},"3":{"start":{"line":33,"column":4},"end":{"line":60,"column":9}},"4":{"start":{"line":35,"column":8},"end":{"line":35,"column":19}},"5":{"start":{"line":37,"column":8},"end":{"line":49,"column":13}},"6":{"start":{"line":38,"column":12},"end":{"line":48,"column":13}},"7":{"start":{"line":39,"column":16},"end":{"line":42,"column":30}},"8":{"start":{"line":44,"column":16},"end":{"line":47,"column":27}},"9":{"start":{"line":51,"column":8},"end":{"line":53,"column":21}},"10":{"start":{"line":55,"column":8},"end":{"line":57,"column":45}},"11":{"start":{"line":59,"column":8},"end":{"line":59,"column":35}},"12":{"start":{"line":61,"column":4},"end":{"line":325,"column":5}},"13":{"start":{"line":69,"column":8},"end":{"line":121,"column":10},"skip":true},"14":{"start":{"line":70,"column":12},"end":{"line":88,"column":13},"skip":true},"15":{"start":{"line":76,"column":16},"end":{"line":87,"column":19},"skip":true},"16":{"start":{"line":79,"column":20},"end":{"line":86,"column":21},"skip":true},"17":{"start":{"line":82,"column":24},"end":{"line":82,"column":43},"skip":true},"18":{"start":{"line":83,"column":24},"end":{"line":83,"column":30},"skip":true},"19":{"start":{"line":85,"column":24},"end":{"line":85,"column":49},"skip":true},"20":{"start":{"line":89,"column":12},"end":{"line":107,"column":13},"skip":true},"21":{"start":{"line":92,"column":16},"end":{"line":102,"column":17},"skip":true},"22":{"start":{"line":93,"column":20},"end":{"line":93,"column":86},"skip":true},"23":{"start":{"line":94,"column":20},"end":{"line":95,"column":45},"skip":true},"24":{"start":{"line":96,"column":20},"end":{"line":96,"column":42},"skip":true},"25":{"start":{"line":97,"column":20},"end":{"line":97,"column":48},"skip":true},"26":{"start":{"line":100,"column":20},"end":{"line":100,"column":85},"skip":true},"27":{"start":{"line":101,"column":20},"end":{"line":101,"column":96},"skip":true},"28":{"start":{"line":103,"column":16},"end":{"line":103,"column":22},"skip":true},"29":{"start":{"line":106,"column":16},"end":{"line":106,"column":22},"skip":true},"30":{"start":{"line":108,"column":12},"end":{"line":120,"column":13},"skip":true},"31":{"start":{"line":114,"column":16},"end":{"line":119,"column":17},"skip":true},"32":{"start":{"line":116,"column":20},"end":{"line":116,"column":78},"skip":true},"33":{"start":{"line":118,"column":20},"end":{"line":118,"column":47},"skip":true},"34":{"start":{"line":123,"column":8},"end":{"line":141,"column":11},"skip":true},"35":{"start":{"line":124,"column":12},"end":{"line":124,"column":54},"skip":true},"36":{"start":{"line":125,"column":12},"end":{"line":140,"column":14},"skip":true},"37":{"start":{"line":126,"column":16},"end":{"line":126,"column":28},"skip":true},"38":{"start":{"line":127,"column":16},"end":{"line":127,"column":69},"skip":true},"39":{"start":{"line":128,"column":16},"end":{"line":128,"column":75},"skip":true},"40":{"start":{"line":129,"column":16},"end":{"line":131,"column":17},"skip":true},"41":{"start":{"line":130,"column":20},"end":{"line":130,"column":27},"skip":true},"42":{"start":{"line":133,"column":16},"end":{"line":137,"column":36},"skip":true},"43":{"start":{"line":134,"column":20},"end":{"line":136,"column":55},"skip":true},"44":{"start":{"line":139,"column":16},"end":{"line":139,"column":57},"skip":true},"45":{"start":{"line":143,"column":8},"end":{"line":147,"column":11},"skip":true},"46":{"start":{"line":144,"column":12},"end":{"line":146,"column":15},"skip":true},"47":{"start":{"line":145,"column":16},"end":{"line":145,"column":70},"skip":true},"48":{"start":{"line":149,"column":8},"end":{"line":149,"column":31},"skip":true},"49":{"start":{"line":150,"column":8},"end":{"line":150,"column":14},"skip":true},"50":{"start":{"line":158,"column":8},"end":{"line":158,"column":31},"skip":true},"51":{"start":{"line":160,"column":8},"end":{"line":160,"column":33},"skip":true},"52":{"start":{"line":161,"column":8},"end":{"line":161,"column":37},"skip":true},"53":{"start":{"line":162,"column":8},"end":{"line":162,"column":35},"skip":true},"54":{"start":{"line":164,"column":8},"end":{"line":164,"column":50},"skip":true},"55":{"start":{"line":166,"column":8},"end":{"line":256,"column":2},"skip":true},"56":{"start":{"line":258,"column":8},"end":{"line":286,"column":9},"skip":true},"57":{"start":{"line":259,"column":12},"end":{"line":269,"column":14},"skip":true},"58":{"start":{"line":271,"column":12},"end":{"line":285,"column":19},"skip":true},"59":{"start":{"line":274,"column":20},"end":{"line":274,"column":35},"skip":true},"60":{"start":{"line":275,"column":20},"end":{"line":284,"column":21},"skip":true},"61":{"start":{"line":277,"column":24},"end":{"line":277,"column":64},"skip":true},"62":{"start":{"line":279,"column":24},"end":{"line":279,"column":40},"skip":true},"63":{"start":{"line":281,"column":24},"end":{"line":281,"column":40},"skip":true},"64":{"start":{"line":283,"column":24},"end":{"line":283,"column":39},"skip":true},"65":{"start":{"line":288,"column":8},"end":{"line":290,"column":9},"skip":true},"66":{"start":{"line":289,"column":12},"end":{"line":289,"column":18},"skip":true},"67":{"start":{"line":291,"column":8},"end":{"line":293,"column":54},"skip":true},"68":{"start":{"line":296,"column":8},"end":{"line":301,"column":37},"skip":true},"69":{"start":{"line":303,"column":8},"end":{"line":303,"column":82},"skip":true},"70":{"start":{"line":306,"column":8},"end":{"line":308,"column":9},"skip":true},"71":{"start":{"line":307,"column":12},"end":{"line":307,"column":82},"skip":true},"72":{"start":{"line":310,"column":8},"end":{"line":312,"column":9},"skip":true},"73":{"start":{"line":311,"column":12},"end":{"line":311,"column":18},"skip":true},"74":{"start":{"line":313,"column":8},"end":{"line":313,"column":54},"skip":true},"75":{"start":{"line":314,"column":8},"end":{"line":314,"column":69},"skip":true},"76":{"start":{"line":315,"column":8},"end":{"line":323,"column":36},"skip":true},"77":{"start":{"line":316,"column":12},"end":{"line":316,"column":61},"skip":true},"78":{"start":{"line":317,"column":12},"end":{"line":320,"column":13},"skip":true},"79":{"start":{"line":318,"column":16},"end":{"line":318,"column":75},"skip":true},"80":{"start":{"line":319,"column":16},"end":{"line":319,"column":23},"skip":true},"81":{"start":{"line":321,"column":12},"end":{"line":321,"column":38},"skip":true},"82":{"start":{"line":322,"column":12},"end":{"line":322,"column":27},"skip":true},"83":{"start":{"line":324,"column":8},"end":{"line":324,"column":14},"skip":true}},"branchMap":{"1":{"line":39,"type":"binary-expr","locations":[{"start":{"line":39,"column":23},"end":{"line":39,"column":62}},{"start":{"line":40,"column":20},"end":{"line":40,"column":70}},{"start":{"line":41,"column":20},"end":{"line":41,"column":71}},{"start":{"line":42,"column":20},"end":{"line":42,"column":29}}]},"2":{"line":44,"type":"binary-expr","locations":[{"start":{"line":44,"column":23},"end":{"line":44,"column":37}},{"start":{"line":45,"column":20},"end":{"line":45,"column":61}},{"start":{"line":46,"column":20},"end":{"line":46,"column":70}},{"start":{"line":47,"column":20},"end":{"line":47,"column":26}}]},"3":{"line":51,"type":"cond-expr","locations":[{"start":{"line":52,"column":14},"end":{"line":52,"column":20}},{"start":{"line":53,"column":14},"end":{"line":53,"column":20}}]},"4":{"line":55,"type":"binary-expr","locations":[{"start":{"line":55,"column":16},"end":{"line":55,"column":44}},{"start":{"line":55,"column":49},"end":{"line":57,"column":43}}]},"5":{"line":55,"type":"cond-expr","locations":[{"start":{"line":56,"column":14},"end":{"line":56,"column":53}},{"start":{"line":57,"column":14},"end":{"line":57,"column":43}}]},"6":{"line":61,"type":"switch","locations":[{"start":{"line":68,"column":4},"end":{"line":150,"column":14},"skip":true},{"start":{"line":156,"column":4},"end":{"line":324,"column":14},"skip":true}]},"7":{"line":70,"type":"if","locations":[{"start":{"line":70,"column":12},"end":{"line":70,"column":12},"skip":true},{"start":{"line":70,"column":12},"end":{"line":70,"column":12},"skip":true}]},"8":{"line":70,"type":"binary-expr","locations":[{"start":{"line":70,"column":16},"end":{"line":70,"column":22},"skip":true},{"start":{"line":70,"column":27},"end":{"line":70,"column":32},"skip":true},{"start":{"line":71,"column":20},"end":{"line":71,"column":39},"skip":true},{"start":{"line":72,"column":20},"end":{"line":72,"column":49},"skip":true},{"start":{"line":73,"column":20},"end":{"line":73,"column":58},"skip":true},{"start":{"line":74,"column":20},"end":{"line":74,"column":69},"skip":true}]},"9":{"line":79,"type":"switch","locations":[{"start":{"line":80,"column":20},"end":{"line":80,"column":33},"skip":true},{"start":{"line":81,"column":20},"end":{"line":83,"column":30},"skip":true},{"start":{"line":84,"column":20},"end":{"line":85,"column":49},"skip":true}]},"10":{"line":89,"type":"switch","locations":[{"start":{"line":90,"column":12},"end":{"line":103,"column":22},"skip":true},{"start":{"line":105,"column":12},"end":{"line":106,"column":22},"skip":true}]},"11":{"line":89,"type":"binary-expr","locations":[{"start":{"line":89,"column":20},"end":{"line":89,"column":25},"skip":true},{"start":{"line":89,"column":29},"end":{"line":89,"column":48},"skip":true},{"start":{"line":89,"column":52},"end":{"line":89,"column":74},"skip":true}]},"12":{"line":92,"type":"if","locations":[{"start":{"line":92,"column":16},"end":{"line":92,"column":16},"skip":true},{"start":{"line":92,"column":16},"end":{"line":92,"column":16},"skip":true}]},"13":{"line":108,"type":"if","locations":[{"start":{"line":108,"column":12},"end":{"line":108,"column":12},"skip":true},{"start":{"line":108,"column":12},"end":{"line":108,"column":12},"skip":true}]},"14":{"line":108,"type":"binary-expr","locations":[{"start":{"line":108,"column":16},"end":{"line":108,"column":61},"skip":true},{"start":{"line":108,"column":66},"end":{"line":108,"column":72},"skip":true},{"start":{"line":108,"column":77},"end":{"line":108,"column":82},"skip":true},{"start":{"line":109,"column":20},"end":{"line":109,"column":39},"skip":true},{"start":{"line":110,"column":20},"end":{"line":110,"column":49},"skip":true},{"start":{"line":111,"column":20},"end":{"line":111,"column":58},"skip":true},{"start":{"line":112,"column":20},"end":{"line":112,"column":68},"skip":true}]},"15":{"line":129,"type":"if","locations":[{"start":{"line":129,"column":16},"end":{"line":129,"column":16},"skip":true},{"start":{"line":129,"column":16},"end":{"line":129,"column":16},"skip":true}]},"16":{"line":134,"type":"cond-expr","locations":[{"start":{"line":135,"column":26},"end":{"line":135,"column":29},"skip":true},{"start":{"line":136,"column":26},"end":{"line":136,"column":54},"skip":true}]},"17":{"line":164,"type":"binary-expr","locations":[{"start":{"line":164,"column":27},"end":{"line":164,"column":43},"skip":true},{"start":{"line":164,"column":47},"end":{"line":164,"column":49},"skip":true}]},"18":{"line":258,"type":"if","locations":[{"start":{"line":258,"column":8},"end":{"line":258,"column":8},"skip":true},{"start":{"line":258,"column":8},"end":{"line":258,"column":8},"skip":true}]},"19":{"line":275,"type":"switch","locations":[{"start":{"line":276,"column":20},"end":{"line":277,"column":64},"skip":true},{"start":{"line":278,"column":20},"end":{"line":279,"column":40},"skip":true},{"start":{"line":280,"column":20},"end":{"line":281,"column":40},"skip":true},{"start":{"line":282,"column":20},"end":{"line":283,"column":39},"skip":true}]},"20":{"line":288,"type":"if","locations":[{"start":{"line":288,"column":8},"end":{"line":288,"column":8},"skip":true},{"start":{"line":288,"column":8},"end":{"line":288,"column":8},"skip":true}]},"21":{"line":288,"type":"binary-expr","locations":[{"start":{"line":288,"column":12},"end":{"line":288,"column":40},"skip":true},{"start":{"line":288,"column":44},"end":{"line":288,"column":67},"skip":true}]},"22":{"line":292,"type":"binary-expr","locations":[{"start":{"line":292,"column":12},"end":{"line":292,"column":50},"skip":true},{"start":{"line":293,"column":12},"end":{"line":293,"column":53},"skip":true}]},"23":{"line":297,"type":"binary-expr","locations":[{"start":{"line":297,"column":12},"end":{"line":297,"column":67},"skip":true},{"start":{"line":298,"column":12},"end":{"line":301,"column":36},"skip":true}]},"24":{"line":303,"type":"binary-expr","locations":[{"start":{"line":303,"column":43},"end":{"line":303,"column":75},"skip":true},{"start":{"line":303,"column":79},"end":{"line":303,"column":81},"skip":true}]},"25":{"line":306,"type":"if","locations":[{"start":{"line":306,"column":8},"end":{"line":306,"column":8},"skip":true},{"start":{"line":306,"column":8},"end":{"line":306,"column":8},"skip":true}]},"26":{"line":310,"type":"if","locations":[{"start":{"line":310,"column":8},"end":{"line":310,"column":8},"skip":true},{"start":{"line":310,"column":8},"end":{"line":310,"column":8},"skip":true}]},"27":{"line":313,"type":"binary-expr","locations":[{"start":{"line":313,"column":27},"end":{"line":313,"column":43},"skip":true},{"start":{"line":313,"column":47},"end":{"line":313,"column":53},"skip":true}]},"28":{"line":317,"type":"if","locations":[{"start":{"line":317,"column":12},"end":{"line":317,"column":12},"skip":true},{"start":{"line":317,"column":12},"end":{"line":317,"column":12},"skip":true}]}},"code":["/*","example.js","","quickstart example","","instruction","    1. save this script as example.js","    2. run the shell command:","        $ npm install npmtest-ttystudio && PORT=8081 node example.js","    3. play with the browser-demo on http://127.0.0.1:8081","*/","","","","/* istanbul instrument in package npmtest_ttystudio */","/*jslint","    bitwise: true,","    browser: true,","    maxerr: 8,","    maxlen: 96,","    node: true,","    nomen: true,","    regexp: true,","    stupid: true","*/","(function () {","    'use strict';","    var local;","","","","    // run shared js-env code - pre-init","    (function () {","        // init local","        local = {};","        // init modeJs","        local.modeJs = (function () {","            try {","                return typeof navigator.userAgent === 'string' &&","                    typeof document.querySelector('body') === 'object' &&","                    typeof XMLHttpRequest.prototype.open === 'function' &&","                    'browser';","            } catch (errorCaughtBrowser) {","                return module.exports &&","                    typeof process.versions.node === 'string' &&","                    typeof require('http').createServer === 'function' &&","                    'node';","            }","        }());","        // init global","        local.global = local.modeJs === 'browser'","            ? window","            : global;","        // init utility2_rollup","        local = local.global.utility2_rollup || (local.modeJs === 'browser'","            ? local.global.utility2_npmtest_ttystudio","            : global.utility2_moduleExports);","        // export local","        local.global.local = local;","    }());","    switch (local.modeJs) {","","","","    // post-init","    // run browser js-env code - post-init","    /* istanbul ignore next */","    case 'browser':","        local.testRunBrowser = function (event) {","            if (!event || (event &&","                    event.currentTarget &&","                    event.currentTarget.className &&","                    event.currentTarget.className.includes &&","                    event.currentTarget.className.includes('onreset'))) {","                // reset output","                Array.from(","                    document.querySelectorAll('body > .resettable')","                ).forEach(function (element) {","                    switch (element.tagName) {","                    case 'INPUT':","                    case 'TEXTAREA':","                        element.value = '';","                        break;","                    default:","                        element.textContent = '';","                    }","                });","            }","            switch (event && event.currentTarget && event.currentTarget.id) {","            case 'testRunButton1':","                // show tests","                if (document.querySelector('#testReportDiv1').style.display === 'none') {","                    document.querySelector('#testReportDiv1').style.display = 'block';","                    document.querySelector('#testRunButton1').textContent =","                        'hide internal test';","                    local.modeTest = true;","                    local.testRunDefault(local);","                // hide tests","                } else {","                    document.querySelector('#testReportDiv1').style.display = 'none';","                    document.querySelector('#testRunButton1').textContent = 'run internal test';","                }","                break;","            // custom-case","            default:","                break;","            }","            if (document.querySelector('#inputTextareaEval1') && (!event || (event &&","                    event.currentTarget &&","                    event.currentTarget.className &&","                    event.currentTarget.className.includes &&","                    event.currentTarget.className.includes('oneval')))) {","                // try to eval input-code","                try {","                    /*jslint evil: true*/","                    eval(document.querySelector('#inputTextareaEval1').value);","                } catch (errorCaught) {","                    console.error(errorCaught);","                }","            }","        };","        // log stderr and stdout to #outputTextareaStdout1","        ['error', 'log'].forEach(function (key) {","            console[key + '_original'] = console[key];","            console[key] = function () {","                var element;","                console[key + '_original'].apply(console, arguments);","                element = document.querySelector('#outputTextareaStdout1');","                if (!element) {","                    return;","                }","                // append text to #outputTextareaStdout1","                element.value += Array.from(arguments).map(function (arg) {","                    return typeof arg === 'string'","                        ? arg","                        : JSON.stringify(arg, null, 4);","                }).join(' ') + '\\n';","                // scroll textarea to bottom","                element.scrollTop = element.scrollHeight;","            };","        });","        // init event-handling","        ['change', 'click', 'keyup'].forEach(function (event) {","            Array.from(document.querySelectorAll('.on' + event)).forEach(function (element) {","                element.addEventListener(event, local.testRunBrowser);","            });","        });","        // run tests","        local.testRunBrowser();","        break;","","","","    // run node js-env code - post-init","    /* istanbul ignore next */","    case 'node':","        // export local","        module.exports = local;","        // require modules","        local.fs = require('fs');","        local.http = require('http');","        local.url = require('url');","        // init assets","        local.assetsDict = local.assetsDict || {};","        /* jslint-ignore-begin */","        local.assetsDict['/assets.index.template.html'] = '\\","<!doctype html>\\n\\","<html lang=\"en\">\\n\\","<head>\\n\\","<meta charset=\"UTF-8\">\\n\\","<meta name=\"viewport\" content=\"width=device-width, initial-scale=1\">\\n\\","<title>{{env.npm_package_name}} (v{{env.npm_package_version}})</title>\\n\\","<style>\\n\\","/*csslint\\n\\","    box-sizing: false,\\n\\","    universal-selector: false\\n\\","*/\\n\\","* {\\n\\","    box-sizing: border-box;\\n\\","}\\n\\","body {\\n\\","    background: #dde;\\n\\","    font-family: Arial, Helvetica, sans-serif;\\n\\","    margin: 2rem;\\n\\","}\\n\\","body > * {\\n\\","    margin-bottom: 1rem;\\n\\","}\\n\\",".utility2FooterDiv {\\n\\","    margin-top: 20px;\\n\\","    text-align: center;\\n\\","}\\n\\","</style>\\n\\","<style>\\n\\","/*csslint\\n\\","*/\\n\\","textarea {\\n\\","    font-family: monospace;\\n\\","    height: 10rem;\\n\\","    width: 100%;\\n\\","}\\n\\","textarea[readonly] {\\n\\","    background: #ddd;\\n\\","}\\n\\","</style>\\n\\","</head>\\n\\","<body>\\n\\","<!-- utility2-comment\\n\\","<div id=\"ajaxProgressDiv1\" style=\"background: #d00; height: 2px; left: 0; margin: 0; padding: 0; position: fixed; top: 0; transition: background 0.5s, width 1.5s; width: 25%;\"></div>\\n\\","utility2-comment -->\\n\\","<h1>\\n\\","<!-- utility2-comment\\n\\","    <a\\n\\","        {{#if env.npm_package_homepage}}\\n\\","        href=\"{{env.npm_package_homepage}}\"\\n\\","        {{/if env.npm_package_homepage}}\\n\\","        target=\"_blank\"\\n\\","    >\\n\\","utility2-comment -->\\n\\","        {{env.npm_package_name}} (v{{env.npm_package_version}})\\n\\","<!-- utility2-comment\\n\\","    </a>\\n\\","utility2-comment -->\\n\\","</h1>\\n\\","<h3>{{env.npm_package_description}}</h3>\\n\\","<!-- utility2-comment\\n\\","<h4><a download href=\"assets.app.js\">download standalone app</a></h4>\\n\\","<button class=\"onclick onreset\" id=\"testRunButton1\">run internal test</button><br>\\n\\","<div id=\"testReportDiv1\" style=\"display: none;\"></div>\\n\\","utility2-comment -->\\n\\","\\n\\","\\n\\","\\n\\","<label>stderr and stdout</label>\\n\\","<textarea class=\"resettable\" id=\"outputTextareaStdout1\" readonly></textarea>\\n\\","<!-- utility2-comment\\n\\","{{#if isRollup}}\\n\\","<script src=\"assets.app.js\"></script>\\n\\","{{#unless isRollup}}\\n\\","utility2-comment -->\\n\\","<script src=\"assets.utility2.rollup.js\"></script>\\n\\","<script src=\"jsonp.utility2._stateInit?callback=window.utility2._stateInit\"></script>\\n\\","<script src=\"assets.npmtest_ttystudio.rollup.js\"></script>\\n\\","<script src=\"assets.example.js\"></script>\\n\\","<script src=\"assets.test.js\"></script>\\n\\","<!-- utility2-comment\\n\\","{{/if isRollup}}\\n\\","utility2-comment -->\\n\\","<div class=\"utility2FooterDiv\">\\n\\","    [ this app was created with\\n\\","    <a href=\"https://github.com/kaizhu256/node-utility2\" target=\"_blank\">utility2</a>\\n\\","    ]\\n\\","</div>\\n\\","</body>\\n\\","</html>\\n\\","';","        /* jslint-ignore-end */","        if (local.templateRender) {","            local.assetsDict['/'] = local.templateRender(","                local.assetsDict['/assets.index.template.html'],","                {","                    env: local.objectSetDefault(local.env, {","                        npm_package_description: 'the greatest app in the world!',","                        npm_package_name: 'my-app',","                        npm_package_nameAlias: 'my_app',","                        npm_package_version: '0.0.1'","                    })","                }","            );","        } else {","            local.assetsDict['/'] = local.assetsDict['/assets.index.template.html']","                .replace((/\\{\\{env\\.(\\w+?)\\}\\}/g), function (match0, match1) {","                    // jslint-hack","                    String(match0);","                    switch (match1) {","                    case 'npm_package_description':","                        return 'the greatest app in the world!';","                    case 'npm_package_name':","                        return 'my-app';","                    case 'npm_package_nameAlias':","                        return 'my_app';","                    case 'npm_package_version':","                        return '0.0.1';","                    }","                });","        }","        // run the cli","        if (local.global.utility2_rollup || module !== require.main) {","            break;","        }","        local.assetsDict['/assets.example.js'] =","            local.assetsDict['/assets.example.js'] ||","            local.fs.readFileSync(__filename, 'utf8');","        // bug-workaround - long $npm_package_buildCustomOrg","        /* jslint-ignore-begin */","        local.assetsDict['/assets.npmtest_ttystudio.rollup.js'] =","            local.assetsDict['/assets.npmtest_ttystudio.rollup.js'] ||","            local.fs.readFileSync(","                local.npmtest_ttystudio.__dirname + '/lib.npmtest_ttystudio.js',","                'utf8'","            ).replace((/^#!/), '//');","        /* jslint-ignore-end */","        local.assetsDict['/favicon.ico'] = local.assetsDict['/favicon.ico'] || '';","        // if $npm_config_timeout_exit exists,","        // then exit this process after $npm_config_timeout_exit ms","        if (Number(process.env.npm_config_timeout_exit)) {","            setTimeout(process.exit, Number(process.env.npm_config_timeout_exit));","        }","        // start server","        if (local.global.utility2_serverHttp1) {","            break;","        }","        process.env.PORT = process.env.PORT || '8081';","        console.error('server starting on port ' + process.env.PORT);","        local.http.createServer(function (request, response) {","            request.urlParsed = local.url.parse(request.url);","            if (local.assetsDict[request.urlParsed.pathname] !== undefined) {","                response.end(local.assetsDict[request.urlParsed.pathname]);","                return;","            }","            response.statusCode = 404;","            response.end();","        }).listen(process.env.PORT);","        break;","    }","}());",""],"l":{"26":2,"28":2,"33":2,"35":2,"37":2,"38":2,"39":2,"44":1,"51":2,"55":2,"59":2,"61":2,"69":1,"70":2,"76":2,"79":2,"82":2,"83":2,"85":1,"89":2,"92":1,"93":1,"94":1,"96":1,"97":1,"100":1,"101":1,"103":1,"106":1,"108":2,"114":1,"116":1,"118":1,"123":1,"124":2,"125":2,"126":3,"127":3,"128":3,"129":3,"130":1,"133":3,"134":3,"139":3,"143":1,"144":3,"145":1,"149":1,"150":1,"158":1,"160":1,"161":1,"162":1,"164":1,"166":1,"258":1,"259":1,"271":1,"274":6,"275":6,"277":1,"279":2,"281":1,"283":2,"288":1,"289":1,"291":1,"296":1,"303":1,"306":1,"307":1,"310":1,"311":1,"313":1,"314":1,"315":1,"316":1,"317":1,"318":1,"319":1,"321":1,"322":1,"324":1}},"/home/travis/build/npmtest/node-npmtest-ttystudio/node_modules/ttystudio/index.js":{"path":"/home/travis/build/npmtest/node-npmtest-ttystudio/node_modules/ttystudio/index.js","s":{"1":1},"b":{},"f":{},"fnMap":{},"statementMap":{"1":{"start":{"line":1,"column":0},"end":{"line":1,"column":44}}},"branchMap":{},"code":["module.exports = require('./lib/ttystudio');",""],"l":{"1":1}},"/home/travis/build/npmtest/node-npmtest-ttystudio/node_modules/ttystudio/lib/ttystudio.js":{"path":"/home/travis/build/npmtest/node-npmtest-ttystudio/node_modules/ttystudio/lib/ttystudio.js","s":{"1":1,"2":1,"3":1,"4":1,"5":1,"6":1,"7":1,"8":1,"9":1,"10":1,"11":1},"b":{},"f":{},"fnMap":{},"statementMap":{"1":{"start":{"line":11,"column":0},"end":{"line":11,"column":30}},"2":{"start":{"line":12,"column":0},"end":{"line":12,"column":37}},"3":{"start":{"line":13,"column":0},"end":{"line":13,"column":39}},"4":{"start":{"line":14,"column":0},"end":{"line":14,"column":31}},"5":{"start":{"line":15,"column":0},"end":{"line":15,"column":41}},"6":{"start":{"line":16,"column":0},"end":{"line":16,"column":39}},"7":{"start":{"line":17,"column":0},"end":{"line":17,"column":33}},"8":{"start":{"line":18,"column":0},"end":{"line":18,"column":31}},"9":{"start":{"line":19,"column":0},"end":{"line":19,"column":37}},"10":{"start":{"line":20,"column":0},"end":{"line":20,"column":37}},"11":{"start":{"line":26,"column":0},"end":{"line":26,"column":25}}},"branchMap":{},"code":["/**"," * ttystudio.js - a terminal-to-gif recorder minus the headaches"," * Copyright (c) 2015, Christopher Jeffrey (MIT License)."," * https://github.com/chjj/ttystudio"," */","","/**"," * ttystudio"," */","","exports = require('./writer');","exports.buffer = require('./buffer');","exports.compile = require('./compile');","exports.gif = require('./gif');","exports.optimize = require('./optimize');","exports.options = require('./options');","exports.play = require('./play');","exports.png = require('./png');","exports.record = require('./record');","exports.writer = require('./writer');","","/**"," * Expose"," */","","module.exports = exports;",""],"l":{"11":1,"12":1,"13":1,"14":1,"15":1,"16":1,"17":1,"18":1,"19":1,"20":1,"26":1}},"/home/travis/build/npmtest/node-npmtest-ttystudio/node_modules/ttystudio/lib/writer.js":{"path":"/home/travis/build/npmtest/node-npmtest-ttystudio/node_modules/ttystudio/lib/writer.js","s":{"1":1,"2":1,"3":0,"4":0,"5":0,"6":0,"7":0,"8":0,"9":0,"10":0,"11":0,"12":0,"13":0,"14":0,"15":0,"16":0,"17":0,"18":0,"19":1,"20":1,"21":0,"22":1,"23":0,"24":0,"25":0,"26":0,"27":0,"28":0,"29":1,"30":0,"31":0,"32":0,"33":0,"34":0,"35":0,"36":0,"37":0,"38":0,"39":0,"40":0,"41":0,"42":0,"43":0,"44":0,"45":0,"46":0,"47":0,"48":0,"49":1,"50":0,"51":0,"52":0,"53":0,"54":0,"55":0,"56":0,"57":0,"58":0,"59":0,"60":0,"61":0,"62":0,"63":0,"64":0,"65":0,"66":0,"67":0,"68":0,"69":0,"70":0,"71":0,"72":0,"73":0,"74":0,"75":0,"76":0,"77":0,"78":0,"79":0,"80":0,"81":0,"82":0,"83":0,"84":1,"85":0,"86":0,"87":0,"88":0,"89":0,"90":0,"91":0,"92":0,"93":0,"94":0,"95":0,"96":0,"97":0,"98":0,"99":0,"100":0,"101":0,"102":0,"103":0,"104":1,"105":0,"106":0,"107":0,"108":0,"109":1,"110":0,"111":0,"112":0,"113":0,"114":0,"115":0,"116":0,"117":0,"118":0,"119":0,"120":0,"121":0,"122":0,"123":0,"124":0,"125":0,"126":0,"127":0,"128":0,"129":0,"130":0,"131":0,"132":0,"133":1,"134":0,"135":0,"136":0,"137":0,"138":0,"139":0,"140":0,"141":1,"142":0,"143":0,"144":0,"145":0,"146":0,"147":0,"148":0,"149":0,"150":0,"151":1,"152":0,"153":0,"154":0,"155":1,"156":1,"157":1,"158":1,"159":1},"b":{"1":[0,0],"2":[0,0],"3":[0,0],"4":[0,0],"5":[0,0],"6":[0,0],"7":[0,0],"8":[0,0],"9":[0,0],"10":[0,0],"11":[0,0],"12":[0,0],"13":[0,0],"14":[0,0],"15":[0,0],"16":[0,0],"17":[0,0],"18":[0,0],"19":[0,0],"20":[0,0],"21":[0,0,0],"22":[0,0],"23":[0,0],"24":[0,0],"25":[0,0],"26":[0,0],"27":[0,0],"28":[0,0],"29":[0,0],"30":[0,0],"31":[0,0],"32":[0,0]},"f":{"1":0,"2":0,"3":0,"4":0,"5":0,"6":0,"7":0,"8":0,"9":0,"10":0,"11":0,"12":0,"13":0,"14":0,"15":0},"fnMap":{"1":{"name":"SGRWriter","line":21,"loc":{"start":{"line":21,"column":0},"end":{"line":21,"column":36}}},"2":{"name":"(anonymous_2)","line":39,"loc":{"start":{"line":39,"column":25},"end":{"line":39,"column":41}}},"3":{"name":"(anonymous_3)","line":59,"loc":{"start":{"line":59,"column":28},"end":{"line":59,"column":39}}},"4":{"name":"(anonymous_4)","line":63,"loc":{"start":{"line":63,"column":35},"end":{"line":63,"column":51}}},"5":{"name":"(anonymous_5)","line":75,"loc":{"start":{"line":75,"column":31},"end":{"line":75,"column":46}}},"6":{"name":"(anonymous_6)","line":115,"loc":{"start":{"line":115,"column":35},"end":{"line":115,"column":53}}},"7":{"name":"(anonymous_7)","line":218,"loc":{"start":{"line":218,"column":32},"end":{"line":218,"column":55}}},"8":{"name":"(anonymous_8)","line":285,"loc":{"start":{"line":285,"column":31},"end":{"line":285,"column":50}}},"9":{"name":"convertLetter","line":295,"loc":{"start":{"line":295,"column":2},"end":{"line":295,"column":36}}},"10":{"name":"(anonymous_10)","line":303,"loc":{"start":{"line":303,"column":22},"end":{"line":303,"column":37}}},"11":{"name":"(anonymous_11)","line":305,"loc":{"start":{"line":305,"column":20},"end":{"line":305,"column":33}}},"12":{"name":"(anonymous_12)","line":325,"loc":{"start":{"line":325,"column":41},"end":{"line":325,"column":59}}},"13":{"name":"(anonymous_13)","line":336,"loc":{"start":{"line":336,"column":42},"end":{"line":336,"column":70}}},"14":{"name":"(anonymous_14)","line":349,"loc":{"start":{"line":349,"column":31},"end":{"line":349,"column":50}}},"15":{"name":"(anonymous_15)","line":372,"loc":{"start":{"line":372,"column":26},"end":{"line":372,"column":37}}}},"statementMap":{"1":{"start":{"line":11,"column":0},"end":{"line":15,"column":33}},"2":{"start":{"line":21,"column":0},"end":{"line":55,"column":1}},"3":{"start":{"line":22,"column":2},"end":{"line":22,"column":18}},"4":{"start":{"line":24,"column":2},"end":{"line":26,"column":3}},"5":{"start":{"line":25,"column":4},"end":{"line":25,"column":42}},"6":{"start":{"line":28,"column":2},"end":{"line":28,"column":26}},"7":{"start":{"line":30,"column":2},"end":{"line":30,"column":31}},"8":{"start":{"line":31,"column":2},"end":{"line":31,"column":59}},"9":{"start":{"line":33,"column":2},"end":{"line":37,"column":3}},"10":{"start":{"line":34,"column":4},"end":{"line":34,"column":54}},"11":{"start":{"line":36,"column":4},"end":{"line":36,"column":54}},"12":{"start":{"line":39,"column":2},"end":{"line":41,"column":5}},"13":{"start":{"line":40,"column":4},"end":{"line":40,"column":29}},"14":{"start":{"line":43,"column":2},"end":{"line":46,"column":4}},"15":{"start":{"line":48,"column":2},"end":{"line":49,"column":45}},"16":{"start":{"line":50,"column":2},"end":{"line":51,"column":45}},"17":{"start":{"line":53,"column":2},"end":{"line":53,"column":47}},"18":{"start":{"line":54,"column":2},"end":{"line":54,"column":55}},"19":{"start":{"line":57,"column":0},"end":{"line":57,"column":55}},"20":{"start":{"line":59,"column":0},"end":{"line":61,"column":2}},"21":{"start":{"line":60,"column":2},"end":{"line":60,"column":29}},"22":{"start":{"line":63,"column":0},"end":{"line":73,"column":2}},"23":{"start":{"line":64,"column":2},"end":{"line":71,"column":3}},"24":{"start":{"line":65,"column":4},"end":{"line":67,"column":5}},"25":{"start":{"line":66,"column":6},"end":{"line":66,"column":35}},"26":{"start":{"line":68,"column":4},"end":{"line":70,"column":5}},"27":{"start":{"line":69,"column":6},"end":{"line":69,"column":39}},"28":{"start":{"line":72,"column":2},"end":{"line":72,"column":15}},"29":{"start":{"line":75,"column":0},"end":{"line":113,"column":2}},"30":{"start":{"line":76,"column":2},"end":{"line":84,"column":8}},"31":{"start":{"line":86,"column":2},"end":{"line":88,"column":3}},"32":{"start":{"line":87,"column":4},"end":{"line":87,"column":35}},"33":{"start":{"line":90,"column":2},"end":{"line":90,"column":15}},"34":{"start":{"line":91,"column":2},"end":{"line":110,"column":3}},"35":{"start":{"line":92,"column":4},"end":{"line":92,"column":19}},"36":{"start":{"line":93,"column":4},"end":{"line":93,"column":15}},"37":{"start":{"line":94,"column":4},"end":{"line":108,"column":5}},"38":{"start":{"line":95,"column":6},"end":{"line":95,"column":19}},"39":{"start":{"line":96,"column":6},"end":{"line":104,"column":7}},"40":{"start":{"line":97,"column":8},"end":{"line":103,"column":9}},"41":{"start":{"line":98,"column":10},"end":{"line":98,"column":70}},"42":{"start":{"line":99,"column":10},"end":{"line":99,"column":27}},"43":{"start":{"line":100,"column":10},"end":{"line":100,"column":23}},"44":{"start":{"line":102,"column":10},"end":{"line":102,"column":16}},"45":{"start":{"line":105,"column":6},"end":{"line":107,"column":7}},"46":{"start":{"line":106,"column":8},"end":{"line":106,"column":31}},"47":{"start":{"line":109,"column":4},"end":{"line":109,"column":24}},"48":{"start":{"line":112,"column":2},"end":{"line":112,"column":17}},"49":{"start":{"line":115,"column":0},"end":{"line":216,"column":2}},"50":{"start":{"line":116,"column":2},"end":{"line":134,"column":9}},"51":{"start":{"line":136,"column":2},"end":{"line":203,"column":3}},"52":{"start":{"line":137,"column":4},"end":{"line":137,"column":23}},"53":{"start":{"line":138,"column":4},"end":{"line":138,"column":15}},"54":{"start":{"line":140,"column":4},"end":{"line":186,"column":5}},"55":{"start":{"line":141,"column":6},"end":{"line":141,"column":22}},"56":{"start":{"line":142,"column":6},"end":{"line":142,"column":21}},"57":{"start":{"line":143,"column":6},"end":{"line":143,"column":19}},"58":{"start":{"line":145,"column":6},"end":{"line":145,"column":23}},"59":{"start":{"line":146,"column":6},"end":{"line":146,"column":30}},"60":{"start":{"line":147,"column":6},"end":{"line":147,"column":37}},"61":{"start":{"line":148,"column":6},"end":{"line":148,"column":37}},"62":{"start":{"line":150,"column":6},"end":{"line":150,"column":38}},"63":{"start":{"line":150,"column":23},"end":{"line":150,"column":38}},"64":{"start":{"line":151,"column":6},"end":{"line":151,"column":44}},"65":{"start":{"line":151,"column":23},"end":{"line":151,"column":44}},"66":{"start":{"line":153,"column":6},"end":{"line":157,"column":7}},"67":{"start":{"line":154,"column":8},"end":{"line":154,"column":17}},"68":{"start":{"line":155,"column":8},"end":{"line":155,"column":16}},"69":{"start":{"line":156,"column":8},"end":{"line":156,"column":17}},"70":{"start":{"line":159,"column":6},"end":{"line":174,"column":7}},"71":{"start":{"line":160,"column":8},"end":{"line":173,"column":11}},"72":{"start":{"line":176,"column":6},"end":{"line":185,"column":7}},"73":{"start":{"line":177,"column":8},"end":{"line":184,"column":11}},"74":{"start":{"line":188,"column":4},"end":{"line":202,"column":5}},"75":{"start":{"line":189,"column":6},"end":{"line":189,"column":14}},"76":{"start":{"line":190,"column":6},"end":{"line":200,"column":7}},"77":{"start":{"line":191,"column":8},"end":{"line":191,"column":23}},"78":{"start":{"line":192,"column":8},"end":{"line":199,"column":11}},"79":{"start":{"line":201,"column":6},"end":{"line":201,"column":19}},"80":{"start":{"line":205,"column":2},"end":{"line":205,"column":32}},"81":{"start":{"line":207,"column":2},"end":{"line":209,"column":3}},"82":{"start":{"line":208,"column":4},"end":{"line":208,"column":51}},"83":{"start":{"line":211,"column":2},"end":{"line":215,"column":4}},"84":{"start":{"line":218,"column":0},"end":{"line":283,"column":2}},"85":{"start":{"line":219,"column":2},"end":{"line":226,"column":8}},"86":{"start":{"line":228,"column":2},"end":{"line":228,"column":36}},"87":{"start":{"line":229,"column":2},"end":{"line":229,"column":44}},"88":{"start":{"line":230,"column":2},"end":{"line":230,"column":44}},"89":{"start":{"line":231,"column":2},"end":{"line":231,"column":44}},"90":{"start":{"line":232,"column":2},"end":{"line":232,"column":44}},"91":{"start":{"line":235,"column":2},"end":{"line":258,"column":3}},"92":{"start":{"line":236,"column":4},"end":{"line":236,"column":15}},"93":{"start":{"line":237,"column":4},"end":{"line":237,"column":15}},"94":{"start":{"line":238,"column":4},"end":{"line":255,"column":5}},"95":{"start":{"line":239,"column":6},"end":{"line":246,"column":9}},"96":{"start":{"line":247,"column":6},"end":{"line":254,"column":9}},"97":{"start":{"line":256,"column":4},"end":{"line":256,"column":23}},"98":{"start":{"line":257,"column":4},"end":{"line":257,"column":20}},"99":{"start":{"line":261,"column":2},"end":{"line":280,"column":3}},"100":{"start":{"line":262,"column":4},"end":{"line":279,"column":5}},"101":{"start":{"line":263,"column":6},"end":{"line":270,"column":9}},"102":{"start":{"line":271,"column":6},"end":{"line":278,"column":9}},"103":{"start":{"line":282,"column":2},"end":{"line":282,"column":13}},"104":{"start":{"line":285,"column":0},"end":{"line":334,"column":2}},"105":{"start":{"line":286,"column":2},"end":{"line":288,"column":11}},"106":{"start":{"line":290,"column":2},"end":{"line":290,"column":55}},"107":{"start":{"line":292,"column":2},"end":{"line":292,"column":32}},"108":{"start":{"line":293,"column":2},"end":{"line":293,"column":34}},"109":{"start":{"line":295,"column":2},"end":{"line":323,"column":3}},"110":{"start":{"line":296,"column":4},"end":{"line":296,"column":16}},"111":{"start":{"line":298,"column":4},"end":{"line":301,"column":5}},"112":{"start":{"line":299,"column":6},"end":{"line":299,"column":20}},"113":{"start":{"line":300,"column":6},"end":{"line":300,"column":18}},"114":{"start":{"line":303,"column":4},"end":{"line":312,"column":7}},"115":{"start":{"line":304,"column":6},"end":{"line":304,"column":31}},"116":{"start":{"line":305,"column":6},"end":{"line":307,"column":9}},"117":{"start":{"line":306,"column":8},"end":{"line":306,"column":34}},"118":{"start":{"line":308,"column":6},"end":{"line":310,"column":7}},"119":{"start":{"line":309,"column":8},"end":{"line":309,"column":20}},"120":{"start":{"line":311,"column":6},"end":{"line":311,"column":17}},"121":{"start":{"line":314,"column":4},"end":{"line":320,"column":5}},"122":{"start":{"line":315,"column":6},"end":{"line":315,"column":16}},"123":{"start":{"line":316,"column":6},"end":{"line":318,"column":7}},"124":{"start":{"line":317,"column":8},"end":{"line":317,"column":21}},"125":{"start":{"line":319,"column":6},"end":{"line":319,"column":23}},"126":{"start":{"line":322,"column":4},"end":{"line":322,"column":17}},"127":{"start":{"line":325,"column":2},"end":{"line":329,"column":9}},"128":{"start":{"line":326,"column":4},"end":{"line":326,"column":36}},"129":{"start":{"line":327,"column":4},"end":{"line":327,"column":39}},"130":{"start":{"line":328,"column":4},"end":{"line":328,"column":15}},"131":{"start":{"line":331,"column":2},"end":{"line":331,"column":19}},"132":{"start":{"line":333,"column":2},"end":{"line":333,"column":14}},"133":{"start":{"line":336,"column":0},"end":{"line":347,"column":2}},"134":{"start":{"line":337,"column":2},"end":{"line":338,"column":12}},"135":{"start":{"line":340,"column":2},"end":{"line":340,"column":35}},"136":{"start":{"line":340,"column":22},"end":{"line":340,"column":35}},"137":{"start":{"line":342,"column":2},"end":{"line":342,"column":30}},"138":{"start":{"line":344,"column":2},"end":{"line":344,"column":32}},"139":{"start":{"line":344,"column":19},"end":{"line":344,"column":32}},"140":{"start":{"line":346,"column":2},"end":{"line":346,"column":80}},"141":{"start":{"line":349,"column":0},"end":{"line":370,"column":2}},"142":{"start":{"line":350,"column":2},"end":{"line":355,"column":9}},"143":{"start":{"line":357,"column":2},"end":{"line":367,"column":3}},"144":{"start":{"line":358,"column":4},"end":{"line":358,"column":18}},"145":{"start":{"line":359,"column":4},"end":{"line":359,"column":15}},"146":{"start":{"line":360,"column":4},"end":{"line":360,"column":15}},"147":{"start":{"line":362,"column":4},"end":{"line":366,"column":5}},"148":{"start":{"line":363,"column":6},"end":{"line":365,"column":7}},"149":{"start":{"line":364,"column":8},"end":{"line":364,"column":90}},"150":{"start":{"line":369,"column":2},"end":{"line":369,"column":13}},"151":{"start":{"line":372,"column":0},"end":{"line":375,"column":2}},"152":{"start":{"line":373,"column":2},"end":{"line":373,"column":32}},"153":{"start":{"line":373,"column":25},"end":{"line":373,"column":32}},"154":{"start":{"line":374,"column":2},"end":{"line":374,"column":49}},"155":{"start":{"line":381,"column":0},"end":{"line":381,"column":20}},"156":{"start":{"line":382,"column":0},"end":{"line":382,"column":30}},"157":{"start":{"line":383,"column":0},"end":{"line":383,"column":30}},"158":{"start":{"line":384,"column":0},"end":{"line":384,"column":30}},"159":{"start":{"line":385,"column":0},"end":{"line":385,"column":25}}},"branchMap":{"1":{"line":24,"type":"if","locations":[{"start":{"line":24,"column":2},"end":{"line":24,"column":2}},{"start":{"line":24,"column":2},"end":{"line":24,"column":2}}]},"2":{"line":30,"type":"binary-expr","locations":[{"start":{"line":30,"column":17},"end":{"line":30,"column":24}},{"start":{"line":30,"column":28},"end":{"line":30,"column":30}}]},"3":{"line":33,"type":"if","locations":[{"start":{"line":33,"column":2},"end":{"line":33,"column":2}},{"start":{"line":33,"column":2},"end":{"line":33,"column":2}}]},"4":{"line":43,"type":"binary-expr","locations":[{"start":{"line":43,"column":15},"end":{"line":43,"column":33}},{"start":{"line":43,"column":37},"end":{"line":46,"column":3}}]},"5":{"line":48,"type":"binary-expr","locations":[{"start":{"line":48,"column":22},"end":{"line":48,"column":39}},{"start":{"line":49,"column":7},"end":{"line":49,"column":44}}]},"6":{"line":50,"type":"binary-expr","locations":[{"start":{"line":50,"column":26},"end":{"line":50,"column":47}},{"start":{"line":51,"column":7},"end":{"line":51,"column":44}}]},"7":{"line":64,"type":"if","locations":[{"start":{"line":64,"column":2},"end":{"line":64,"column":2}},{"start":{"line":64,"column":2},"end":{"line":64,"column":2}}]},"8":{"line":65,"type":"if","locations":[{"start":{"line":65,"column":4},"end":{"line":65,"column":4}},{"start":{"line":65,"column":4},"end":{"line":65,"column":4}}]},"9":{"line":65,"type":"binary-expr","locations":[{"start":{"line":65,"column":8},"end":{"line":65,"column":33}},{"start":{"line":65,"column":37},"end":{"line":65,"column":65}}]},"10":{"line":68,"type":"if","locations":[{"start":{"line":68,"column":4},"end":{"line":68,"column":4}},{"start":{"line":68,"column":4},"end":{"line":68,"column":4}}]},"11":{"line":86,"type":"if","locations":[{"start":{"line":86,"column":2},"end":{"line":86,"column":2}},{"start":{"line":86,"column":2},"end":{"line":86,"column":2}}]},"12":{"line":97,"type":"if","locations":[{"start":{"line":97,"column":8},"end":{"line":97,"column":8}},{"start":{"line":97,"column":8},"end":{"line":97,"column":8}}]},"13":{"line":105,"type":"if","locations":[{"start":{"line":105,"column":6},"end":{"line":105,"column":6}},{"start":{"line":105,"column":6},"end":{"line":105,"column":6}}]},"14":{"line":150,"type":"if","locations":[{"start":{"line":150,"column":6},"end":{"line":150,"column":6}},{"start":{"line":150,"column":6},"end":{"line":150,"column":6}}]},"15":{"line":151,"type":"if","locations":[{"start":{"line":151,"column":6},"end":{"line":151,"column":6}},{"start":{"line":151,"column":6},"end":{"line":151,"column":6}}]},"16":{"line":153,"type":"if","locations":[{"start":{"line":153,"column":6},"end":{"line":153,"column":6}},{"start":{"line":153,"column":6},"end":{"line":153,"column":6}}]},"17":{"line":153,"type":"binary-expr","locations":[{"start":{"line":153,"column":10},"end":{"line":153,"column":20}},{"start":{"line":153,"column":24},"end":{"line":153,"column":38}}]},"18":{"line":159,"type":"if","locations":[{"start":{"line":159,"column":6},"end":{"line":159,"column":6}},{"start":{"line":159,"column":6},"end":{"line":159,"column":6}}]},"19":{"line":159,"type":"binary-expr","locations":[{"start":{"line":159,"column":10},"end":{"line":159,"column":20}},{"start":{"line":159,"column":24},"end":{"line":159,"column":37}}]},"20":{"line":207,"type":"if","locations":[{"start":{"line":207,"column":2},"end":{"line":207,"column":2}},{"start":{"line":207,"column":2},"end":{"line":207,"column":2}}]},"21":{"line":219,"type":"binary-expr","locations":[{"start":{"line":219,"column":16},"end":{"line":219,"column":23}},{"start":{"line":219,"column":27},"end":{"line":219,"column":46}},{"start":{"line":219,"column":50},"end":{"line":219,"column":52}}]},"22":{"line":221,"type":"binary-expr","locations":[{"start":{"line":221,"column":14},"end":{"line":221,"column":27}},{"start":{"line":221,"column":31},"end":{"line":221,"column":33}}]},"23":{"line":228,"type":"cond-expr","locations":[{"start":{"line":228,"column":26},"end":{"line":228,"column":31}},{"start":{"line":228,"column":34},"end":{"line":228,"column":35}}]},"24":{"line":229,"type":"cond-expr","locations":[{"start":{"line":229,"column":30},"end":{"line":229,"column":37}},{"start":{"line":229,"column":40},"end":{"line":229,"column":43}}]},"25":{"line":230,"type":"cond-expr","locations":[{"start":{"line":230,"column":30},"end":{"line":230,"column":37}},{"start":{"line":230,"column":40},"end":{"line":230,"column":43}}]},"26":{"line":231,"type":"cond-expr","locations":[{"start":{"line":231,"column":30},"end":{"line":231,"column":37}},{"start":{"line":231,"column":40},"end":{"line":231,"column":43}}]},"27":{"line":232,"type":"cond-expr","locations":[{"start":{"line":232,"column":30},"end":{"line":232,"column":37}},{"start":{"line":232,"column":40},"end":{"line":232,"column":43}}]},"28":{"line":306,"type":"cond-expr","locations":[{"start":{"line":306,"column":28},"end":{"line":306,"column":29}},{"start":{"line":306,"column":32},"end":{"line":306,"column":33}}]},"29":{"line":337,"type":"cond-expr","locations":[{"start":{"line":337,"column":25},"end":{"line":337,"column":38}},{"start":{"line":337,"column":41},"end":{"line":337,"column":50}}]},"30":{"line":340,"type":"if","locations":[{"start":{"line":340,"column":2},"end":{"line":340,"column":2}},{"start":{"line":340,"column":2},"end":{"line":340,"column":2}}]},"31":{"line":344,"type":"if","locations":[{"start":{"line":344,"column":2},"end":{"line":344,"column":2}},{"start":{"line":344,"column":2},"end":{"line":344,"column":2}}]},"32":{"line":373,"type":"if","locations":[{"start":{"line":373,"column":2},"end":{"line":373,"column":2}},{"start":{"line":373,"column":2},"end":{"line":373,"column":2}}]}},"code":["/**"," * cell.js - SGR to GIF Writer for ttystudio"," * Copyright (c) 2015, Christopher Jeffrey (MIT License)."," * https://github.com/chjj/ttystudio"," */","","/**"," * Modules"," */","","var fs = require('fs')","  , EventEmitter = require('events').EventEmitter","  , blessed = require('blessed')","  , GIFWriter = require('./gif')","  , PNGWriter = require('./png');","","/**"," * SGR"," */","","function SGRWriter(frames, options) {","  var self = this;","","  if (!(this instanceof SGRWriter)) {","    return new SGRWriter(frames, options);","  }","","  EventEmitter.call(this);","","  this.options = options || {};","  this.options.convertFrame = this.convertFrame.bind(this);","","  if (this.options.png) {","    this.writer = new PNGWriter(frames, this.options);","  } else {","    this.writer = new GIFWriter(frames, this.options);","  }","","  this.writer.on('done', function(event) {","    self.emit('done', event);","  });","","  this.ratio = this.options.ratio || {","    width: 8,","    height: 15","  };","","  this.options.font = this.options.font","    || __dirname + '/../fonts/ter-u14n.json';","  this.options.fontBold = this.options.fontBold","    || __dirname + '/../fonts/ter-u14b.json';","","  this.font = this.loadFont(this.options.font);","  this.fontBold = this.loadFont(this.options.fontBold);","}","","SGRWriter.prototype.__proto__ = EventEmitter.prototype;","","SGRWriter.prototype.write = function() {","  return this.writer.write();","};","","SGRWriter.prototype.convertFrame = function(frame) {","  if (!frame.data) {","    if (typeof frame === 'string' || typeof frame[0] === 'string') {","      frame = this.parseSGR(frame);","    }","    if (typeof frame[0][0][1] === 'string') {","      frame = this.parseCellmap(frame);","    }","  }","  return frame;","};","","SGRWriter.prototype.parseSGR = function(ANSI) {","  var dattr = (0 << 18) | (0x1ff << 9) | (0x1ff < 0)","    , attr = dattr","    , cellmap","    , i","    , line","    , cline","    , j","    , ch","    , c;","","  if (typeof ANSI === 'string') {","    ANSI = ANSI.trim().split('\\n');","  }","","  cellmap = [];","  for (i = 0; i < ANSI.length; i++) {","    line = ANSI[i];","    cline = [];","    for (j = 0; j < line.length; j++) {","      ch = line[j];","      while (ch === '\\x1b') {","        if (c = /^\\x1b\\[[\\d;]*m/.exec(line.substring(j))) {","          attr = blessed.screen.prototype.attrCode(c[0], attr, dattr);","          j += c[0].length;","          ch = line[j];","        } else {","          break;","        }","      }","      if (ch) {","        cline.push([attr, ch]);","      }","    }","    cellmap.push(cline);","  }","","  return cellmap;","};","","SGRWriter.prototype.parseCellmap = function(cellmap) {","  var bmp = []","    , chs = []","    , i","    , cline","    , bline","    , j","    , cell","    , attr","    , ch","    , b","    , f","    , bg","    , fg","    , tmp","    , x","    , y","    , cb","    , ci","    , cc;","","  for (i = 0; i < cellmap.length; i++) {","    cline = cellmap[i];","    bline = [];","","    for (j = 0; j < cline.length; j++) {","      cell = cline[j];","      attr = cell[0];","      ch = cell[1];","","      b = attr & 0x1ff;","      f = (attr >> 9) & 0x1ff;","      bg = blessed.colors.vcolors[b];","      fg = blessed.colors.vcolors[f];","","      if (b === 0x1ff) bg = [0, 0, 0];","      if (f === 0x1ff) fg = [255, 255, 255];","","      if (ch !== ' ' && !this.font[ch]) {","        tmp = bg;","        bg = fg;","        fg = tmp;","      }","","      if (ch !== ' ' && this.font[ch]) {","        chs.push({","          x: j * this.ratio.width,","          y: i * this.ratio.height,","          ch: ch,","          r: fg[0],","          g: fg[1],","          b: fg[2],","          a: 255,","          invisible: !!((attr >> 18) & 16),","          inverse: !!((attr >> 18) & 8),","          blink: !!((attr >> 18) & 4),","          underline: !!((attr >> 18) & 2),","          bold: !!((attr >> 18) & 1)","        });","      }","","      for (x = 0; x < this.ratio.width; x++) {","        bline.push({","          r: bg[0],","          g: bg[1],","          b: bg[2],","          a: 255,","          ch: ch,","          fg: { r: fg[0], g: fg[1], b: fg[2], a: 255 }","        });","      }","    }","","    for (y = 0; y < this.ratio.height; y++) {","      cb = [];","      for (ci = 0; ci < bline.length; ci++) {","        cc = bline[ci];","        cb.push({","          r: cc.r,","          g: cc.g,","          b: cc.b,","          a: cc.a,","          ch: cc.ch,","          fg: { r: cc.fg.r, g: cc.fg.g, b: cc.fg.b, a: cc.fg.a }","        });","      }","      bmp.push(cb);","    }","  }","","  bmp = this.addChars(bmp, chs);","","  if (this.options.border) {","    bmp = this.addBorder(bmp, this.options.border);","  }","","  return {","    left: 0,","    top: 0,","    data: bmp","  };","};","","SGRWriter.prototype.addBorder = function(bmp, options) {","  var options = options || this.options.border || {}","    , width = options.width","    , color = options.color || {}","    , tline","    , bline","    , w","    , x","    , y;","","  width = width != null ? width : 1;","  color.r = color.r != null ? color.r : 255;","  color.g = color.g != null ? color.g : 255;","  color.b = color.b != null ? color.b : 255;","  color.a = color.a != null ? color.a : 255;","","  // top and bottom","  for (w = 0; w < width; w++) {","    tline = [];","    bline = [];","    for (x = 0; x < bmp[0].length; x++) {","      tline.push({","        r: color.r,","        g: color.g,","        b: color.b,","        a: color.a,","        ch: ' ',","        fg: { r: color.r, g: color.g, b: color.b, a: color.a }","      });","      bline.push({","        r: color.r,","        g: color.g,","        b: color.b,","        a: color.a,","        ch: ' ',","        fg: { r: color.r, g: color.g, b: color.b, a: color.a }","      });","    }","    bmp.unshift(tline);","    bmp.push(bline);","  }","","  // left/right","  for (w = 0; w < width; w++) {","    for (y = 0; y < bmp.length; y++) {","      bmp[y].unshift({","        r: color.r,","        g: color.g,","        b: color.b,","        a: color.a,","        ch: ' ',","        fg: { r: color.r, g: color.g, b: color.b, a: color.a }","      });","      bmp[y].push({","        r: color.r,","        g: color.g,","        b: color.b,","        a: color.a,","        ch: ' ',","        fg: { r: color.r, g: color.g, b: color.b, a: color.a }","      });","    }","  }","","  return bmp;","};","","SGRWriter.prototype.loadFont = function(filename) {","  var self = this","    , data","    , font;","","  data = JSON.parse(fs.readFileSync(filename, 'utf8'));","","  this.ratio.width = data.width;","  this.ratio.height = data.height;","","  function convertLetter(ch, lines) {","    var line, i;","","    while (lines.length > self.ratio.height) {","      lines.shift();","      lines.pop();","    }","","    lines = lines.map(function(line) {","      var chs = line.split('');","      chs = chs.map(function(ch) {","        return ch === ' ' ? 0 : 1;","      });","      while (chs.length < self.ratio.width) {","        chs.push(0);","      }","      return chs;","    });","","    while (lines.length < self.ratio.height) {","      line = [];","      for (i = 0; i < self.ratio.width; i++) {","        line.push(0);","      }","      lines.push(line);","    }","","    return lines;","  }","","  font = Object.keys(data.glyphs).reduce(function(out, ch) {","    var lines = data.
[...]
,"end":{"line":168,"column":14}},{"start":{"line":169,"column":6},"end":{"line":171,"column":14}}]},"6":{"line":111,"type":"binary-expr","locations":[{"start":{"line":111,"column":27},"end":{"line":111,"column":40}},{"start":{"line":111,"column":44},"end":{"line":111,"column":45}}]},"7":{"line":117,"type":"if","locations":[{"start":{"line":117,"column":10},"end":{"line":117,"column":10}},{"start":{"line":117,"column":10},"end":{"line":117,"column":10}}]},"8":{"line":145,"type":"if","locations":[{"start":{"line":145,"column":10},"end":{"line":145,"column":10}},{"start":{"line":145,"column":10},"end":{"line":145,"column":10}}]},"9":{"line":151,"type":"cond-expr","locations":[{"start":{"line":151,"column":32},"end":{"line":151,"column":37}},{"start":{"line":151,"column":40},"end":{"line":151,"column":41}}]},"10":{"line":153,"type":"cond-expr","locations":[{"start":{"line":153,"column":30},"end":{"line":153,"column":35}},{"start":{"line":153,"column":38},"end":{"line":153,"column":41}}]},"11":{"line":154,"type":"cond-expr","locations":[{"start":{"line":154,"column":30},"end":{"line":154,"column":35}},{"start":{"line":154,"column":38},"end":{"line":154,"column":41}}]},"12":{"line":155,"type":"cond-expr","locations":[{"start":{"line":155,"column":30},"end":{"line":155,"column":35}},{"start":{"line":155,"column":38},"end":{"line":155,"column":41}}]},"13":{"line":156,"type":"cond-expr","locations":[{"start":{"line":156,"column":30},"end":{"line":156,"column":35}},{"start":{"line":156,"column":38},"end":{"line":156,"column":41}}]},"14":{"line":176,"type":"if","locations":[{"start":{"line":176,"column":2},"end":{"line":176,"column":2}},{"start":{"line":176,"column":2},"end":{"line":176,"column":2}}]},"15":{"line":180,"type":"if","locations":[{"start":{"line":180,"column":2},"end":{"line":180,"column":2}},{"start":{"line":180,"column":2},"end":{"line":180,"column":2}}]},"16":{"line":193,"type":"binary-expr","locations":[{"start":{"line":193,"column":14},"end":{"line":193,"column":26}},{"start":{"line":193,"column":30},"end":{"line":193,"column":38}}]},"17":{"line":199,"type":"if","locations":[{"start":{"line":199,"column":2},"end":{"line":199,"column":2}},{"start":{"line":199,"column":2},"end":{"line":199,"column":2}}]}},"code":["/**"," * options.js - option parsing for ttystudio"," * Copyright (c) 2015, Christopher Jeffrey (MIT License)."," * https://github.com/chjj/ttystudio"," */","","/**"," * Parse Arguments"," */","","function parseArg() {","  var argv = process.argv.slice(2)","    , options = { files: [] }","    , arg;","","  function getarg() {","    var arg = argv.shift();","","    if (arg.indexOf('--') === 0) {","      // e.g. --opt","      arg = arg.split('=');","      if (arg.length > 1) {","        // e.g. --opt=val","        var val = arg.slice(1).join('=');","        val = val.replace(/^~\\//, process.env.HOME + '/');","        argv.unshift(val);","      }","      arg = arg[0];","    } else if (arg[0] === '-') {","      if (arg.length > 2) {","        // e.g. -abc","        argv = arg.substring(1).split('').map(function(ch) {","          return '-' + ch;","        }).concat(argv);","        arg = argv.shift();","      } else {","        // e.g. -a","      }","    } else {","      // e.g. foo","    }","","    return arg;","  }","","  while (argv.length) {","    arg = getarg();","    switch (arg) {","      case 'record':","      case '--record':","        options.record = true;","        break;","      case 'screenshot':","      case '--screenshot':","        options.record = true;","        options.screenshot = true;","        break;","      case 'compile':","      case '--compile':","        options.compile = true;","        break;","      case 'play':","      case '--play':","        options.play = true;","        break;","      case '-o':","      case '--output':","        options.output = argv.shift();","        break;","      case '--png':","        options.png = true;","        break;","      case '-l':","      case '-v':","      case '--log':","      case '--verbose':","        options.verbose = true;","        break;","      case '-q':","      case '--quiet':","        options.log = false;","        break;","      case '-f':","      case '--font':","        options.font = argv.shift();","        break;","      case '-b':","      case '--font-bold':","        options.fontBold = argv.shift();","        break;","      case '-d':","      case '--delay':","        options.delay = +argv.shift();","        break;","      case '-i':","      case '--interval':","        options.interval = +argv.shift();","        options.delay = +options.interval;","        break;","      case '-k':","      case '--key':","        options.key = argv.shift();","        break;","      case '--screenshot-key':","        options.record = true;","        options.screenshot = true;","        options.screenshotKey = argv.shift();","        break;","      case '-n':","      case '--num-plays':","        options.numPlays = +argv.shift() || 0;","        break;","      case '-r':","      case '--range':","        options.range = argv.shift().split(/[^\\d]/).map(function(n) {","          n = +n;","          if (!isFinite(n)) return undefined;","          return n;","        });","        break;","      case '-x':","      case '--ratio':","        options.ratio = argv.shift().split(/[^\\d]/);","        options.ratio = {","          width: +options.ratio[0],","          height: +options.ratio[1]","        };","        break;","      case '-t':","      case '--term':","        options.term = argv.shift();","        break;","      case '--palette':","        options.usePalette = true;","        break;","      case '--no-palette':","      case '--rgba':","      case '--lct':","        options.usePalette = false;","        options.lct = true;","        break;","      case '--border':","        var b = argv.shift().split(/[^\\d]/).map(function(n) {","          n = +n;","          if (!isFinite(n)) return;","          return n;","        }).filter(function(n) {","          return n != null;","        });","        options.border = {","          width: b[0] != null ? +b[0] : 1,","          color: {","            r: b[1] != null ? +b[1] : 255,","            g: b[2] != null ? +b[2] : 255,","            b: b[3] != null ? +b[3] : 255,","            a: b[4] != null ? +b[4] : 255","          }","        };","        break;","      case '--version':","        console.log('v' + require(__dirname + '/../package.json').version);","        process.exit(0);","        break;","      case '-?':","      case '-h':","      case '--help':","        help();","        break;","      default:","        options.files.push(arg);","        break;","    }","  }","","  // Log by default","  if (options.log !== false) {","    options.log = true;","  }","","  if (!options.files.length) {","    return help();","  }","","  return options;","}","","/**"," * Help"," */","","function help() {","  var cp = require('child_process')","    , spawn = cp.spawnSync || cp.spawn;","","  spawn('man',","    [__dirname + '/../man/ttystudio.1'],","    { stdio: 'inherit' });","","  if (cp.spawnSync) {","    process.exit(0);","  } else {","    process.once('uncaughtException', function() {});","    throw 'stop';","  }","}","","/**"," * Expose"," */","","module.exports = parseArg();",""],"l":{"11":1,"12":1,"16":1,"17":0,"19":0,"21":0,"22":0,"24":0,"25":0,"26":0,"28":0,"29":0,"30":0,"32":0,"33":0,"35":0,"43":0,"46":1,"47":0,"48":0,"51":0,"52":0,"55":0,"56":0,"57":0,"60":0,"61":0,"64":0,"65":0,"68":0,"69":0,"71":0,"72":0,"77":0,"78":0,"81":0,"82":0,"85":0,"86":0,"89":0,"90":0,"93":0,"94":0,"97":0,"98":0,"99":0,"102":0,"103":0,"105":0,"106":0,"107":0,"108":0,"111":0,"112":0,"115":0,"116":0,"117":0,"118":0,"120":0,"123":0,"124":0,"128":0,"131":0,"132":0,"134":0,"135":0,"139":0,"140":0,"141":0,"143":0,"144":0,"145":0,"146":0,"148":0,"150":0,"159":0,"161":0,"162":0,"163":0,"167":0,"168":0,"170":0,"171":0,"176":1,"177":1,"180":1,"181":1,"184":0,"191":1,"192":1,"195":1,"199":1,"200":1,"202":0,"203":0,"211":1}},"/home/travis/build/npmtest/node-npmtest-ttystudio/node_modules/ttystudio/lib/play.js":{"path":"/home/travis/build/npmtest/node-npmtest-ttystudio/node_modules/ttystudio/lib/play.js","s":{"1":1,"2":1,"3":0,"4":0,"5":0,"6":0,"7":0,"8":0,"9":0,"10":0,"11":0,"12":0,"13":0,"14":0,"15":0,"16":1},"b":{"1":[0,0],"2":[0,0]},"f":{"1":0,"2":0,"3":0,"4":0},"fnMap":{"1":{"name":"play","line":14,"loc":{"start":{"line":14,"column":0},"end":{"line":14,"column":33}}},"2":{"name":"(anonymous_2)","line":21,"loc":{"start":{"line":21,"column":19},"end":{"line":21,"column":30}}},"3":{"name":"(anonymous_3)","line":25,"loc":{"start":{"line":25,"column":26},"end":{"line":25,"column":37}}},"4":{"name":"(anonymous_4)","line":32,"loc":{"start":{"line":32,"column":25},"end":{"line":32,"column":40}}}},"statementMap":{"1":{"start":{"line":7,"column":0},"end":{"line":8,"column":33}},"2":{"start":{"line":14,"column":0},"end":{"line":37,"column":1}},"3":{"start":{"line":15,"column":2},"end":{"line":15,"column":69}},"4":{"start":{"line":17,"column":2},"end":{"line":19,"column":5}},"5":{"start":{"line":21,"column":2},"end":{"line":23,"column":5}},"6":{"start":{"line":22,"column":4},"end":{"line":22,"column":20}},"7":{"start":{"line":25,"column":2},"end":{"line":36,"column":27}},"8":{"start":{"line":26,"column":4},"end":{"line":30,"column":5}},"9":{"start":{"line":27,"column":6},"end":{"line":27,"column":27}},"10":{"start":{"line":28,"column":6},"end":{"line":28,"column":23}},"11":{"start":{"line":29,"column":6},"end":{"line":29,"column":24}},"12":{"start":{"line":31,"column":4},"end":{"line":31,"column":34}},"13":{"start":{"line":32,"column":4},"end":{"line":34,"column":7}},"14":{"start":{"line":33,"column":6},"end":{"line":33,"column":24}},"15":{"start":{"line":35,"column":4},"end":{"line":35,"column":20}},"16":{"start":{"line":43,"column":0},"end":{"line":43,"column":22}}},"branchMap":{"1":{"line":26,"type":"if","locations":[{"start":{"line":26,"column":4},"end":{"line":26,"column":4}},{"start":{"line":26,"column":4},"end":{"line":26,"column":4}}]},"2":{"line":36,"type":"binary-expr","locations":[{"start":{"line":36,"column":5},"end":{"line":36,"column":18}},{"start":{"line":36,"column":22},"end":{"line":36,"column":25}}]}},"code":["/**"," * play.js - terminal player for ttystudio"," * Copyright (c) 2015, Christopher Jeffrey (MIT License)."," * https://github.com/chjj/ttystudio"," */","","var fs = require('fs')","  , blessed = require('blessed');","","/**"," * Play"," */","","function play(options, callback) {","  var frames = JSON.parse(fs.readFileSync(options.files[0], 'utf8'));","","  var screen = blessed.screen({","    smartCSR: true","  });","","  screen.on('C-c', function() {","    process.exit(0);","  });","","  var timer = setInterval(function() {","    if (!frames.length) {","      clearInterval(timer);","      screen.destroy();","      return callback();","    }","    screen.lines = frames.shift();","    screen.lines.forEach(function(line) {","      line.dirty = true;","    });","    screen.render();","  }, options.delay || 100);","}","","/**"," * Expose"," */","","module.exports = play;",""],"l":{"7":1,"14":1,"15":0,"17":0,"21":0,"22":0,"25":0,"26":0,"27":0,"28":0,"29":0,"31":0,"32":0,"33":0,"35":0,"43":1}},"/home/travis/build/npmtest/node-npmtest-ttystudio/node_modules/ttystudio/lib/record.js":{"path":"/home/travis/build/npmtest/node-npmtest-ttystudio/node_modules/ttystudio/lib/record.js","s":{"1":1,"2":1,"3":0,"4":0,"5":0,"6":0,"7":0,"8":0,"9":0,"10":1,"11":0,"12":0,"13":0,"14":0,"15":0,"16":0,"17":0,"18":0,"19":0,"20":0,"21":0,"22":0,"23":0,"24":0,"25":0,"26":0,"27":0,"28":0,"29":0,"30":0,"31":1,"32":0,"33":0,"34":0,"35":0,"36":0,"37":0,"38":0,"39":0,"40":0,"41":1},"b":{"1":[0,0],"2":[0,0],"3":[0,0],"4":[0,0,0,0,0],"5":[0,0],"6":[0,0],"7":[0,0],"8":[0,0],"9":[0,0],"10":[0,0],"11":[0,0],"12":[0,0]},"f":{"1":0,"2":0,"3":0},"fnMap":{"1":{"name":"record","line":16,"loc":{"start":{"line":16,"column":0},"end":{"line":16,"column":35}}},"2":{"name":"screenshot","line":48,"loc":{"start":{"line":48,"column":2},"end":{"line":48,"column":24}}},"3":{"name":"done","line":87,"loc":{"start":{"line":87,"column":2},"end":{"line":87,"column":18}}}},"statementMap":{"1":{"start":{"line":7,"column":0},"end":{"line":10,"column":33}},"2":{"start":{"line":16,"column":0},"end":{"line":105,"column":1}},"3":{"start":{"line":17,"column":2},"end":{"line":22,"column":14}},"4":{"start":{"line":24,"column":2},"end":{"line":31,"column":3}},"5":{"start":{"line":25,"column":4},"end":{"line":25,"column":78}},"6":{"start":{"line":26,"column":4},"end":{"line":28,"column":5}},"7":{"start":{"line":27,"column":6},"end":{"line":27,"column":34}},"8":{"start":{"line":33,"column":2},"end":{"line":35,"column":5}},"9":{"start":{"line":37,"column":2},"end":{"line":46,"column":5}},"10":{"start":{"line":48,"column":2},"end":{"line":78,"column":3}},"11":{"start":{"line":49,"column":4},"end":{"line":56,"column":11}},"12":{"start":{"line":58,"column":4},"end":{"line":76,"column":5}},"13":{"start":{"line":59,"column":6},"end":{"line":59,"column":16}},"14":{"start":{"line":60,"column":6},"end":{"line":67,"column":7}},"15":{"start":{"line":64,"column":8},"end":{"line":64,"column":24}},"16":{"start":{"line":66,"column":8},"end":{"line":66,"column":16}},"17":{"start":{"line":68,"column":6},"end":{"line":74,"column":7}},"18":{"start":{"line":69,"column":8},"end":{"line":69,"column":34}},"19":{"start":{"line":70,"column":8},"end":{"line":70,"column":23}},"20":{"start":{"line":71,"column":8},"end":{"line":71,"column":21}},"21":{"start":{"line":72,"column":8},"end":{"line":72,"column":47}},"22":{"start":{"line":72,"column":22},"end":{"line":72,"column":47}},"23":{"start":{"line":73,"column":8},"end":{"line":73,"column":30}},"24":{"start":{"line":75,"column":6},"end":{"line":75,"column":23}},"25":{"start":{"line":77,"column":4},"end":{"line":77,"column":23}},"26":{"start":{"line":80,"column":2},"end":{"line":85,"column":3}},"27":{"start":{"line":81,"column":4},"end":{"line":81,"column":63}},"28":{"start":{"line":82,"column":4},"end":{"line":82,"column":39}},"29":{"start":{"line":82,"column":23},"end":{"line":82,"column":39}},"30":{"start":{"line":84,"column":4},"end":{"line":84,"column":59}},"31":{"start":{"line":87,"column":2},"end":{"line":100,"column":3}},"32":{"start":{"line":88,"column":4},"end":{"line":99,"column":5}},"33":{"start":{"line":89,"column":6},"end":{"line":89,"column":25}},"34":{"start":{"line":91,"column":6},"end":{"line":94,"column":7}},"35":{"start":{"line":92,"column":8},"end":{"line":92,"column":30}},"36":{"start":{"line":93,"column":8},"end":{"line":93,"column":23}},"37":{"start":{"line":96,"column":6},"end":{"line":96,"column":23}},"38":{"start":{"line":98,"column":6},"end":{"line":98,"column":29}},"39":{"start":{"line":102,"column":2},"end":{"line":102,"column":41}},"40":{"start":{"line":104,"column":2},"end":{"line":104,"column":27}},"41":{"start":{"line":111,"column":0},"end":{"line":111,"column":24}}},"branchMap":{"1":{"line":26,"type":"if","locations":[{"start":{"line":26,"column":4},"end":{"line":26,"column":4}},{"start":{"line":26,"column":4},"end":{"line":26,"column":4}}]},"2":{"line":43,"type":"binary-expr","locations":[{"start":{"line":43,"column":10},"end":{"line":43,"column":22}},{"start":{"line":43,"column":26},"end":{"line":43,"column":34}}]},"3":{"line":60,"type":"if","locations":[{"start":{"line":60,"column":6},"end":{"line":60,"column":6}},{"start":{"line":60,"column":6},"end":{"line":60,"column":6}}]},"4":{"line":60,"type":"binary-expr","locations":[{"start":{"line":60,"column":10},"end":{"line":60,"column":26}},{"start":{"line":61,"column":13},"end":{"line":61,"column":33}},{"start":{"line":62,"column":14},"end":{"line":62,"column":47}},{"start":{"line":62,"column":51},"end":{"line":62,"column":70}},{"start":{"line":63,"column":13},"end":{"line":63,"column":35}}]},"5":{"line":72,"type":"if","locations":[{"start":{"line":72,"column":8},"end":{"line":72,"column":8}},{"start":{"line":72,"column":8},"end":{"line":72,"column":8}}]},"6":{"line":80,"type":"if","locations":[{"start":{"line":80,"column":2},"end":{"line":80,"column":2}},{"start":{"line":80,"column":2},"end":{"line":80,"column":2}}]},"7":{"line":81,"type":"binary-expr","locations":[{"start":{"line":81,"column":38},"end":{"line":81,"column":54}},{"start":{"line":81,"column":58},"end":{"line":81,"column":61}}]},"8":{"line":82,"type":"if","locations":[{"start":{"line":82,"column":4},"end":{"line":82,"column":4}},{"start":{"line":82,"column":4},"end":{"line":82,"column":4}}]},"9":{"line":84,"type":"binary-expr","locations":[{"start":{"line":84,"column":15},"end":{"line":84,"column":36}},{"start":{"line":84,"column":40},"end":{"line":84,"column":45}}]},"10":{"line":88,"type":"if","locations":[{"start":{"line":88,"column":4},"end":{"line":88,"column":4}},{"start":{"line":88,"column":4},"end":{"line":88,"column":4}}]},"11":{"line":91,"type":"if","locations":[{"start":{"line":91,"column":6},"end":{"line":91,"column":6}},{"start":{"line":91,"column":6},"end":{"line":91,"column":6}}]},"12":{"line":102,"type":"binary-expr","locations":[{"start":{"line":102,"column":13},"end":{"line":102,"column":24}},{"start":{"line":102,"column":28},"end":{"line":102,"column":33}}]}},"code":["/**"," * record.js - terminal recorder for ttystudio"," * Copyright (c) 2015, Christopher Jeffrey (MIT License)."," * https://github.com/chjj/ttystudio"," */","","var EventEmitter = require('events').EventEmitter","  , fs = require('fs')","  , cp = require('child_process')","  , blessed = require('blessed');","","/**"," * Record"," */","","function record(options, callback) {","  var frames = []","    , out","    , termName = 'xterm'","    , screen","    , tty","    , timeout;","","  try {","    out = cp.execSync('tput -Txterm-256color longname', { encoding: 'utf8' });","    if (~out.indexOf('256 colors')) {","      termName = 'xterm-256color';","    }","  } catch (e) {","    ;","  }","","  screen = blessed.screen({","    smartCSR: true","  });","","  tty = blessed.terminal({","    parent: screen,","    cursorBlink: false,","    screenKeys: false,","    left: 0,","    top: 0,","    term: options.term || termName,","    width: screen.width,","    height: screen.height","  });","","  function screenshot() {","    var lines = []","      , y","      , line","      , cx","      , x","      , cell","      , attr","      , ch;","","    for (y = 0; y < screen.lines.length; y++) {","      line = [];","      if (y === tty.term.y","          && tty.term.cursorState","          && (tty.term.ydisp === tty.term.ybase || tty.term.selectMode)","          && !tty.term.cursorHidden) {","        cx = tty.term.x;","      } else {","        cx = -1;","      }","      for (x = 0; x < screen.lines[y].length; x++) {","        cell = screen.lines[y][x];","        attr = cell[0];","        ch = cell[1];","        if (x === cx) attr = (0x1ff << 9) | 15;","        line.push([attr, ch]);","      }","      lines.push(line);","    }","    frames.push(lines);","  }","","  if (!options.screenshot) {","    timeout = setInterval(screenshot, options.interval || 100);","    if (timeout.unref) timeout.unref();","  } else {","    screen.key(options.screenshotKey || 'C-p', screenshot);","  }","","  function done() {","    if (!done.called) {","      done.called = true;","","      if (timeout) {","        clearTimeout(timeout);","        timeout = null;","      }","","      screen.destroy();","","      callback(null, frames);","    }","  }","","  screen.key(options.key || 'C-q', done);","","  process.on('exit', done);","}","","/**"," * Expose"," */","","module.exports = record;",""],"l":{"7":1,"16":1,"17":0,"24":0,"25":0,"26":0,"27":0,"33":0,"37":0,"48":1,"49":0,"58":0,"59":0,"60":0,"64":0,"66":0,"68":0,"69":0,"70":0,"71":0,"72":0,"73":0,"75":0,"77":0,"80":0,"81":0,"82":0,"84":0,"87":1,"88":0,"89":0,"91":0,"92":0,"93":0,"96":0,"98":0,"102":0,"104":0,"111":1}}}